000 (2575.000.000) 03/31 03:58:29 Job submitted from host: <128.83.144.174:54071>
...
001 (2575.000.000) 03/31 03:59:06 Job executing on host: <128.83.130.151:34209>
...
006 (2575.000.000) 03/31 03:59:15 Image size of job updated: 10
	2  -  MemoryUsage of job (MB)
	2048  -  ResidentSetSize of job (KB)
...
010 (2575.000.000) 03/31 03:59:31 Job was suspended.
	Number of processes actually suspended: 1
...
006 (2575.000.000) 03/31 03:59:31 Image size of job updated: 6899928
	1619  -  MemoryUsage of job (MB)
	1657516  -  ResidentSetSize of job (KB)
...
011 (2575.000.000) 03/31 04:00:26 Job was unsuspended.
...
010 (2575.000.000) 03/31 04:00:31 Job was suspended.
	Number of processes actually suspended: 1
...
006 (2575.000.000) 03/31 04:00:31 Image size of job updated: 6899928
	1623  -  MemoryUsage of job (MB)
	1661928  -  ResidentSetSize of job (KB)
...
011 (2575.000.000) 03/31 04:01:16 Job was unsuspended.
...
010 (2575.000.000) 03/31 04:03:26 Job was suspended.
	Number of processes actually suspended: 1
...
006 (2575.000.000) 03/31 04:03:26 Image size of job updated: 6899928
	1787  -  MemoryUsage of job (MB)
	1829472  -  ResidentSetSize of job (KB)
...
011 (2575.000.000) 03/31 04:06:12 Job was unsuspended.
...
010 (2575.000.000) 03/31 04:06:27 Job was suspended.
	Number of processes actually suspended: 1
...
011 (2575.000.000) 03/31 04:06:42 Job was unsuspended.
...
010 (2575.000.000) 03/31 04:08:18 Job was suspended.
	Number of processes actually suspended: 1
...
011 (2575.000.000) 03/31 04:08:33 Job was unsuspended.
...
010 (2575.000.000) 03/31 04:08:38 Job was suspended.
	Number of processes actually suspended: 1
...
011 (2575.000.000) 03/31 04:08:58 Job was unsuspended.
...
010 (2575.000.000) 03/31 04:09:03 Job was suspended.
	Number of processes actually suspended: 1
...
011 (2575.000.000) 03/31 04:11:19 Job was unsuspended.
...
010 (2575.000.000) 03/31 04:11:39 Job was suspended.
	Number of processes actually suspended: 1
...
011 (2575.000.000) 03/31 04:11:54 Job was unsuspended.
...
006 (2575.000.000) 03/31 04:19:18 Image size of job updated: 6899928
	1858  -  MemoryUsage of job (MB)
	1902152  -  ResidentSetSize of job (KB)
...
006 (2575.000.000) 03/31 04:24:18 Image size of job updated: 6901992
	2304  -  MemoryUsage of job (MB)
	2359224  -  ResidentSetSize of job (KB)
...
006 (2575.000.000) 03/31 04:29:19 Image size of job updated: 6901992
	2305  -  MemoryUsage of job (MB)
	2359568  -  ResidentSetSize of job (KB)
...
006 (2575.000.000) 03/31 04:39:20 Image size of job updated: 6901992
	2311  -  MemoryUsage of job (MB)
	2366060  -  ResidentSetSize of job (KB)
...
006 (2575.000.000) 03/31 05:14:24 Image size of job updated: 6901992
	2624  -  MemoryUsage of job (MB)
	2686208  -  ResidentSetSize of job (KB)
...
005 (2575.000.000) 03/31 05:55:46 Job terminated.
	(1) Normal termination (return value 0)
		Usr 0 01:48:52, Sys 0 00:00:05  -  Run Remote Usage
		Usr 0 00:00:00, Sys 0 00:00:00  -  Run Local Usage
		Usr 0 01:48:52, Sys 0 00:00:05  -  Total Remote Usage
		Usr 0 00:00:00, Sys 0 00:00:00  -  Total Local Usage
	0  -  Run Bytes Sent By Job
	0  -  Run Bytes Received By Job
	0  -  Total Bytes Sent By Job
	0  -  Total Bytes Received By Job
	Partitionable Resources :    Usage  Request Allocated
	   Cpus                 :                 1         1
	   Disk (KB)            :       10       10    955412
	   Gpus                 :                           0
	   Memory (MB)          :     2624        1      2000
...
