000 (2552.000.000) 03/31 03:56:14 Job submitted from host: <128.83.144.174:54071>
...
001 (2552.000.000) 03/31 03:56:43 Job executing on host: <128.83.139.206:47052>
...
006 (2552.000.000) 03/31 03:56:51 Image size of job updated: 11190156
	828  -  MemoryUsage of job (MB)
	847712  -  ResidentSetSize of job (KB)
...
006 (2552.000.000) 03/31 04:01:51 Image size of job updated: 11190156
	3157  -  MemoryUsage of job (MB)
	3232068  -  ResidentSetSize of job (KB)
...
006 (2552.000.000) 03/31 04:06:52 Image size of job updated: 11190156
	3210  -  MemoryUsage of job (MB)
	3286560  -  ResidentSetSize of job (KB)
...
006 (2552.000.000) 03/31 04:11:53 Image size of job updated: 11190156
	3216  -  MemoryUsage of job (MB)
	3293016  -  ResidentSetSize of job (KB)
...
006 (2552.000.000) 03/31 04:16:53 Image size of job updated: 11190156
	3228  -  MemoryUsage of job (MB)
	3305308  -  ResidentSetSize of job (KB)
...
006 (2552.000.000) 03/31 04:21:54 Image size of job updated: 11190156
	3237  -  MemoryUsage of job (MB)
	3314284  -  ResidentSetSize of job (KB)
...
006 (2552.000.000) 03/31 04:26:55 Image size of job updated: 11190156
	3279  -  MemoryUsage of job (MB)
	3357668  -  ResidentSetSize of job (KB)
...
006 (2552.000.000) 03/31 04:31:55 Image size of job updated: 11190156
	3358  -  MemoryUsage of job (MB)
	3438520  -  ResidentSetSize of job (KB)
...
006 (2552.000.000) 03/31 04:36:56 Image size of job updated: 11190156
	3440  -  MemoryUsage of job (MB)
	3521928  -  ResidentSetSize of job (KB)
...
006 (2552.000.000) 03/31 04:41:57 Image size of job updated: 11190156
	3468  -  MemoryUsage of job (MB)
	3550272  -  ResidentSetSize of job (KB)
...
006 (2552.000.000) 03/31 04:46:57 Image size of job updated: 11190156
	3468  -  MemoryUsage of job (MB)
	3550780  -  ResidentSetSize of job (KB)
...
006 (2552.000.000) 03/31 04:51:57 Image size of job updated: 11190156
	3469  -  MemoryUsage of job (MB)
	3551800  -  ResidentSetSize of job (KB)
...
006 (2552.000.000) 03/31 04:56:58 Image size of job updated: 11190156
	3482  -  MemoryUsage of job (MB)
	3564740  -  ResidentSetSize of job (KB)
...
006 (2552.000.000) 03/31 05:01:58 Image size of job updated: 11190156
	3486  -  MemoryUsage of job (MB)
	3568848  -  ResidentSetSize of job (KB)
...
006 (2552.000.000) 03/31 05:06:58 Image size of job updated: 11190156
	3704  -  MemoryUsage of job (MB)
	3792488  -  ResidentSetSize of job (KB)
...
006 (2552.000.000) 03/31 05:22:00 Image size of job updated: 11192220
	3704  -  MemoryUsage of job (MB)
	3792488  -  ResidentSetSize of job (KB)
...
006 (2552.000.000) 03/31 05:27:00 Image size of job updated: 11192220
	3705  -  MemoryUsage of job (MB)
	3793868  -  ResidentSetSize of job (KB)
...
006 (2552.000.000) 03/31 05:42:01 Image size of job updated: 11192220
	4110  -  MemoryUsage of job (MB)
	4208060  -  ResidentSetSize of job (KB)
...
006 (2552.000.000) 03/31 05:47:02 Image size of job updated: 11192220
	4113  -  MemoryUsage of job (MB)
	4211128  -  ResidentSetSize of job (KB)
...
006 (2552.000.000) 03/31 06:07:05 Image size of job updated: 11192220
	4113  -  MemoryUsage of job (MB)
	4211196  -  ResidentSetSize of job (KB)
...
006 (2552.000.000) 03/31 06:42:09 Image size of job updated: 11192220
	4115  -  MemoryUsage of job (MB)
	4212932  -  ResidentSetSize of job (KB)
...
006 (2552.000.000) 03/31 07:02:11 Image size of job updated: 11192220
	4726  -  MemoryUsage of job (MB)
	4838640  -  ResidentSetSize of job (KB)
...
022 (2552.000.000) 03/31 08:08:36 Job disconnected, attempting to reconnect
    Local schedd and job shadow died, schedd now running again
    Trying to reconnect to slot3@rhavan-42.cs.utexas.edu <128.83.139.206:47052>
...
023 (2552.000.000) 03/31 08:08:36 Job reconnected to slot3@rhavan-42.cs.utexas.edu
    startd address: <128.83.139.206:47052>
    starter address: <128.83.139.206:51272>
...
005 (2552.000.000) 03/31 08:34:12 Job terminated.
	(1) Normal termination (return value 0)
		Usr 0 04:40:43, Sys 0 00:00:46  -  Run Remote Usage
		Usr 0 00:00:00, Sys 0 00:00:00  -  Run Local Usage
		Usr 0 04:40:43, Sys 0 00:00:46  -  Total Remote Usage
		Usr 0 00:00:00, Sys 0 00:00:00  -  Total Local Usage
	0  -  Run Bytes Sent By Job
	0  -  Run Bytes Received By Job
	0  -  Total Bytes Sent By Job
	0  -  Total Bytes Received By Job
	Partitionable Resources :    Usage  Request          
	   Cpus                 :                 1          
	   Disk (KB)            :       10       10          
	   Memory (MB)          :     4883     4883          
...
