000 (2553.000.000) 03/31 03:56:14 Job submitted from host: <128.83.144.174:54071>
...
001 (2553.000.000) 03/31 03:56:43 Job executing on host: <128.83.120.148:40342>
...
006 (2553.000.000) 03/31 03:56:51 Image size of job updated: 11190156
	1517  -  MemoryUsage of job (MB)
	1552968  -  ResidentSetSize of job (KB)
...
010 (2553.000.000) 03/31 04:00:33 Job was suspended.
	Number of processes actually suspended: 1
...
006 (2553.000.000) 03/31 04:00:33 Image size of job updated: 11190156
	3581  -  MemoryUsage of job (MB)
	3665956  -  ResidentSetSize of job (KB)
...
011 (2553.000.000) 03/31 04:10:36 Job was unsuspended.
...
004 (2553.000.000) 03/31 04:10:36 Job was evicted.
	(0) Job was not checkpointed.
		Usr 0 00:04:44, Sys 0 00:00:06  -  Run Remote Usage
		Usr 0 00:00:00, Sys 0 00:00:00  -  Run Local Usage
	0  -  Run Bytes Sent By Job
	0  -  Run Bytes Received By Job
	Partitionable Resources :    Usage  Request Allocated
	   Cpus                 :                 1         1
	   Disk (KB)            :       10       10    749939
	   Gpus                 :                           0
	   Memory (MB)          :     3581        1      4021
...
001 (2553.000.000) 03/31 04:12:42 Job executing on host: <128.83.144.134:43026>
...
010 (2553.000.000) 03/31 04:26:07 Job was suspended.
	Number of processes actually suspended: 1
...
011 (2553.000.000) 03/31 04:36:09 Job was unsuspended.
...
004 (2553.000.000) 03/31 04:36:09 Job was evicted.
	(0) Job was not checkpointed.
		Usr 0 00:14:20, Sys 0 00:00:06  -  Run Remote Usage
		Usr 0 00:00:00, Sys 0 00:00:00  -  Run Local Usage
	0  -  Run Bytes Sent By Job
	0  -  Run Bytes Received By Job
	Partitionable Resources :    Usage  Request Allocated
	   Cpus                 :                 1         1
	   Disk (KB)            :       10       10   2250156
	   Gpus                 :                           0
	   Memory (MB)          :     3663     3663      4028
...
001 (2553.000.000) 03/31 04:41:21 Job executing on host: <128.83.144.113:33065>
...
006 (2553.000.000) 03/31 04:46:30 Image size of job updated: 37035500
	10544  -  MemoryUsage of job (MB)
	10796296  -  ResidentSetSize of job (KB)
...
006 (2553.000.000) 03/31 05:11:32 Image size of job updated: 37037564
	10544  -  MemoryUsage of job (MB)
	10796296  -  ResidentSetSize of job (KB)
...
005 (2553.000.000) 03/31 06:13:26 Job terminated.
	(1) Normal termination (return value 0)
		Usr 0 01:34:57, Sys 0 00:00:26  -  Run Remote Usage
		Usr 0 00:00:00, Sys 0 00:00:00  -  Run Local Usage
		Usr 0 01:34:57, Sys 0 00:00:26  -  Total Remote Usage
		Usr 0 00:00:00, Sys 0 00:00:00  -  Total Local Usage
	0  -  Run Bytes Sent By Job
	0  -  Run Bytes Received By Job
	0  -  Total Bytes Sent By Job
	0  -  Total Bytes Received By Job
	Partitionable Resources :    Usage  Request Allocated
	   Cpus                 :                 1         1
	   Disk (KB)            :       10       10   4691968
	   Gpus                 :                           0
	   Memory (MB)          :    10544     3663      4027
...
