000 (2576.000.000) 03/31 03:58:29 Job submitted from host: <128.83.144.174:54071>
...
001 (2576.000.000) 03/31 03:59:06 Job executing on host: <128.83.130.151:34209>
...
006 (2576.000.000) 03/31 03:59:15 Image size of job updated: 6433752
	20  -  MemoryUsage of job (MB)
	19460  -  ResidentSetSize of job (KB)
...
010 (2576.000.000) 03/31 03:59:16 Job was suspended.
	Number of processes actually suspended: 1
...
006 (2576.000.000) 03/31 03:59:16 Image size of job updated: 6899928
	1392  -  MemoryUsage of job (MB)
	1424580  -  ResidentSetSize of job (KB)
...
011 (2576.000.000) 03/31 04:02:11 Job was unsuspended.
...
010 (2576.000.000) 03/31 04:02:26 Job was suspended.
	Number of processes actually suspended: 1
...
006 (2576.000.000) 03/31 04:02:26 Image size of job updated: 6899928
	1605  -  MemoryUsage of job (MB)
	1643192  -  ResidentSetSize of job (KB)
...
011 (2576.000.000) 03/31 04:06:57 Job was unsuspended.
...
010 (2576.000.000) 03/31 04:07:17 Job was suspended.
	Number of processes actually suspended: 1
...
006 (2576.000.000) 03/31 04:07:17 Image size of job updated: 6899928
	1886  -  MemoryUsage of job (MB)
	1930860  -  ResidentSetSize of job (KB)
...
011 (2576.000.000) 03/31 04:11:59 Job was unsuspended.
...
006 (2576.000.000) 03/31 04:14:16 Image size of job updated: 6899928
	2191  -  MemoryUsage of job (MB)
	2242604  -  ResidentSetSize of job (KB)
...
006 (2576.000.000) 03/31 04:19:16 Image size of job updated: 6899928
	2260  -  MemoryUsage of job (MB)
	2314236  -  ResidentSetSize of job (KB)
...
006 (2576.000.000) 03/31 04:34:18 Image size of job updated: 6901992
	2432  -  MemoryUsage of job (MB)
	2489844  -  ResidentSetSize of job (KB)
...
006 (2576.000.000) 03/31 04:39:19 Image size of job updated: 6901992
	2455  -  MemoryUsage of job (MB)
	2513044  -  ResidentSetSize of job (KB)
...
006 (2576.000.000) 03/31 04:44:20 Image size of job updated: 6901992
	2496  -  MemoryUsage of job (MB)
	2554932  -  ResidentSetSize of job (KB)
...
006 (2576.000.000) 03/31 05:29:23 Image size of job updated: 6901992
	2713  -  MemoryUsage of job (MB)
	2777228  -  ResidentSetSize of job (KB)
...
005 (2576.000.000) 03/31 06:04:27 Job terminated.
	(1) Normal termination (return value 0)
		Usr 0 01:53:31, Sys 0 00:00:06  -  Run Remote Usage
		Usr 0 00:00:00, Sys 0 00:00:00  -  Run Local Usage
		Usr 0 01:53:31, Sys 0 00:00:06  -  Total Remote Usage
		Usr 0 00:00:00, Sys 0 00:00:00  -  Total Local Usage
	0  -  Run Bytes Sent By Job
	0  -  Run Bytes Received By Job
	0  -  Total Bytes Sent By Job
	0  -  Total Bytes Received By Job
	Partitionable Resources :    Usage  Request Allocated
	   Cpus                 :                 1         1
	   Disk (KB)            :       10       10    955416
	   Gpus                 :                           0
	   Memory (MB)          :     2713        1      2000
...
