000 (2545.000.000) 03/31 03:56:14 Job submitted from host: <128.83.144.174:54071>
...
001 (2545.000.000) 03/31 03:56:43 Job executing on host: <128.83.130.80:57420>
...
006 (2545.000.000) 03/31 03:56:51 Image size of job updated: 10
	2  -  MemoryUsage of job (MB)
	2016  -  ResidentSetSize of job (KB)
...
006 (2545.000.000) 03/31 04:01:51 Image size of job updated: 12069444
	2981  -  MemoryUsage of job (MB)
	3052504  -  ResidentSetSize of job (KB)
...
006 (2545.000.000) 03/31 04:26:54 Image size of job updated: 12071508
	2981  -  MemoryUsage of job (MB)
	3052504  -  ResidentSetSize of job (KB)
...
005 (2545.000.000) 03/31 05:00:37 Job terminated.
	(1) Normal termination (return value 0)
		Usr 0 01:06:02, Sys 0 00:00:15  -  Run Remote Usage
		Usr 0 00:00:00, Sys 0 00:00:00  -  Run Local Usage
		Usr 0 01:06:02, Sys 0 00:00:15  -  Total Remote Usage
		Usr 0 00:00:00, Sys 0 00:00:00  -  Total Local Usage
	0  -  Run Bytes Sent By Job
	0  -  Run Bytes Received By Job
	0  -  Total Bytes Sent By Job
	0  -  Total Bytes Received By Job
	Partitionable Resources :    Usage  Request Allocated
	   Cpus                 :                 1         1
	   Disk (KB)            :       10       10   1861844
	   Gpus                 :                           0
	   Memory (MB)          :     2981        1      2010
...
