000 (2551.000.000) 03/31 03:56:14 Job submitted from host: <128.83.144.174:54071>
...
001 (2551.000.000) 03/31 03:56:43 Job executing on host: <128.83.120.128:41352>
...
006 (2551.000.000) 03/31 03:56:52 Image size of job updated: 37384400
	603  -  MemoryUsage of job (MB)
	617152  -  ResidentSetSize of job (KB)
...
006 (2551.000.000) 03/31 04:01:53 Image size of job updated: 37384400
	7007  -  MemoryUsage of job (MB)
	7174856  -  ResidentSetSize of job (KB)
...
006 (2551.000.000) 03/31 04:06:53 Image size of job updated: 37384400
	8575  -  MemoryUsage of job (MB)
	8780148  -  ResidentSetSize of job (KB)
...
006 (2551.000.000) 03/31 04:11:53 Image size of job updated: 37384400
	10543  -  MemoryUsage of job (MB)
	10795548  -  ResidentSetSize of job (KB)
...
006 (2551.000.000) 03/31 05:17:00 Image size of job updated: 37386464
	10543  -  MemoryUsage of job (MB)
	10795548  -  ResidentSetSize of job (KB)
...
005 (2551.000.000) 03/31 07:08:24 Job terminated.
	(1) Normal termination (return value 0)
		Usr 0 03:12:53, Sys 0 00:00:26  -  Run Remote Usage
		Usr 0 00:00:00, Sys 0 00:00:00  -  Run Local Usage
		Usr 0 03:12:53, Sys 0 00:00:26  -  Total Remote Usage
		Usr 0 00:00:00, Sys 0 00:00:00  -  Total Local Usage
	0  -  Run Bytes Sent By Job
	0  -  Run Bytes Received By Job
	0  -  Total Bytes Sent By Job
	0  -  Total Bytes Received By Job
	Partitionable Resources :    Usage  Request Allocated
	   Cpus                 :                 1         1
	   Disk (KB)            :       10       10    835038
	   Gpus                 :                           0
	   Memory (MB)          :    10543        1     12899
...
