000 (2566.000.000) 03/31 03:58:29 Job submitted from host: <128.83.144.174:54071>
...
001 (2566.000.000) 03/31 03:59:06 Job executing on host: <128.83.144.57:54717>
...
006 (2566.000.000) 03/31 03:59:14 Image size of job updated: 6895684
	1104  -  MemoryUsage of job (MB)
	1130088  -  ResidentSetSize of job (KB)
...
010 (2566.000.000) 03/31 03:59:31 Job was suspended.
	Number of processes actually suspended: 1
...
006 (2566.000.000) 03/31 03:59:31 Image size of job updated: 6895684
	1777  -  MemoryUsage of job (MB)
	1819212  -  ResidentSetSize of job (KB)
...
011 (2566.000.000) 03/31 03:59:47 Job was unsuspended.
...
006 (2566.000.000) 03/31 04:04:14 Image size of job updated: 6895684
	1829  -  MemoryUsage of job (MB)
	1872204  -  ResidentSetSize of job (KB)
...
010 (2566.000.000) 03/31 04:05:19 Job was suspended.
	Number of processes actually suspended: 1
...
011 (2566.000.000) 03/31 04:05:34 Job was unsuspended.
...
010 (2566.000.000) 03/31 04:05:54 Job was suspended.
	Number of processes actually suspended: 1
...
011 (2566.000.000) 03/31 04:06:09 Job was unsuspended.
...
010 (2566.000.000) 03/31 04:06:24 Job was suspended.
	Number of processes actually suspended: 1
...
011 (2566.000.000) 03/31 04:06:39 Job was unsuspended.
...
005 (2566.000.000) 03/31 04:08:53 Job terminated.
	(1) Normal termination (return value 0)
		Usr 0 00:09:23, Sys 0 00:00:01  -  Run Remote Usage
		Usr 0 00:00:00, Sys 0 00:00:00  -  Run Local Usage
		Usr 0 00:09:23, Sys 0 00:00:01  -  Total Remote Usage
		Usr 0 00:00:00, Sys 0 00:00:00  -  Total Local Usage
	0  -  Run Bytes Sent By Job
	0  -  Run Bytes Received By Job
	0  -  Total Bytes Sent By Job
	0  -  Total Bytes Received By Job
	Partitionable Resources :    Usage  Request Allocated
	   Cpus                 :                 1         1
	   Disk (KB)            :       10       10    954483
	   Gpus                 :                           0
	   Memory (MB)          :     1829        1      1998
...
