000 (2580.000.000) 03/31 03:58:30 Job submitted from host: <128.83.144.174:54071>
...
001 (2580.000.000) 03/31 04:00:23 Job executing on host: <128.83.144.15:32976>
...
006 (2580.000.000) 03/31 04:00:32 Image size of job updated: 37384400
	1116  -  MemoryUsage of job (MB)
	1142444  -  ResidentSetSize of job (KB)
...
010 (2580.000.000) 03/31 04:02:34 Job was suspended.
	Number of processes actually suspended: 1
...
006 (2580.000.000) 03/31 04:02:34 Image size of job updated: 37384400
	4629  -  MemoryUsage of job (MB)
	4739404  -  ResidentSetSize of job (KB)
...
011 (2580.000.000) 03/31 04:02:49 Job was unsuspended.
...
006 (2580.000.000) 03/31 04:05:33 Image size of job updated: 37384400
	8668  -  MemoryUsage of job (MB)
	8875524  -  ResidentSetSize of job (KB)
...
006 (2580.000.000) 03/31 04:10:34 Image size of job updated: 37384400
	8764  -  MemoryUsage of job (MB)
	8974136  -  ResidentSetSize of job (KB)
...
006 (2580.000.000) 03/31 04:15:34 Image size of job updated: 37384400
	10497  -  MemoryUsage of job (MB)
	10748780  -  ResidentSetSize of job (KB)
...
006 (2580.000.000) 03/31 04:20:34 Image size of job updated: 37384400
	10537  -  MemoryUsage of job (MB)
	10789752  -  ResidentSetSize of job (KB)
...
006 (2580.000.000) 03/31 05:20:40 Image size of job updated: 37386464
	10537  -  MemoryUsage of job (MB)
	10789752  -  ResidentSetSize of job (KB)
...
005 (2580.000.000) 03/31 07:01:19 Job terminated.
	(1) Normal termination (return value 0)
		Usr 0 03:01:46, Sys 0 00:00:26  -  Run Remote Usage
		Usr 0 00:00:00, Sys 0 00:00:00  -  Run Local Usage
		Usr 0 03:01:46, Sys 0 00:00:26  -  Total Remote Usage
		Usr 0 00:00:00, Sys 0 00:00:00  -  Total Local Usage
	0  -  Run Bytes Sent By Job
	0  -  Run Bytes Received By Job
	0  -  Total Bytes Sent By Job
	0  -  Total Bytes Received By Job
	Partitionable Resources :    Usage  Request Allocated
	   Cpus                 :                 1         1
	   Disk (KB)            :       10       10    835039
	   Gpus                 :                           0
	   Memory (MB)          :    10537        1     12899
...
