000 (2578.000.000) 03/31 03:58:29 Job submitted from host: <128.83.144.174:54071>
...
001 (2578.000.000) 03/31 03:59:06 Job executing on host: <128.83.144.72:55042>
...
006 (2578.000.000) 03/31 03:59:15 Image size of job updated: 6895684
	322  -  MemoryUsage of job (MB)
	329200  -  ResidentSetSize of job (KB)
...
010 (2578.000.000) 03/31 03:59:31 Job was suspended.
	Number of processes actually suspended: 1
...
006 (2578.000.000) 03/31 03:59:31 Image size of job updated: 6895684
	1742  -  MemoryUsage of job (MB)
	1783256  -  ResidentSetSize of job (KB)
...
011 (2578.000.000) 03/31 03:59:46 Job was unsuspended.
...
006 (2578.000.000) 03/31 04:04:16 Image size of job updated: 6895684
	1802  -  MemoryUsage of job (MB)
	1844956  -  ResidentSetSize of job (KB)
...
006 (2578.000.000) 03/31 04:09:16 Image size of job updated: 6895684
	1808  -  MemoryUsage of job (MB)
	1850532  -  ResidentSetSize of job (KB)
...
006 (2578.000.000) 03/31 04:14:17 Image size of job updated: 6895684
	1837  -  MemoryUsage of job (MB)
	1880688  -  ResidentSetSize of job (KB)
...
006 (2578.000.000) 03/31 04:19:18 Image size of job updated: 6895684
	2099  -  MemoryUsage of job (MB)
	2148912  -  ResidentSetSize of job (KB)
...
006 (2578.000.000) 03/31 04:24:18 Image size of job updated: 6895684
	2224  -  MemoryUsage of job (MB)
	2276440  -  ResidentSetSize of job (KB)
...
006 (2578.000.000) 03/31 04:29:18 Image size of job updated: 6895684
	2375  -  MemoryUsage of job (MB)
	2431080  -  ResidentSetSize of job (KB)
...
006 (2578.000.000) 03/31 04:34:19 Image size of job updated: 6897748
	2648  -  MemoryUsage of job (MB)
	2710836  -  ResidentSetSize of job (KB)
...
006 (2578.000.000) 03/31 04:39:20 Image size of job updated: 6897748
	3175  -  MemoryUsage of job (MB)
	3250300  -  ResidentSetSize of job (KB)
...
006 (2578.000.000) 03/31 04:44:20 Image size of job updated: 6897748
	3175  -  MemoryUsage of job (MB)
	3250456  -  ResidentSetSize of job (KB)
...
006 (2578.000.000) 03/31 05:09:23 Image size of job updated: 6897748
	3245  -  MemoryUsage of job (MB)
	3322748  -  ResidentSetSize of job (KB)
...
006 (2578.000.000) 03/31 05:24:24 Image size of job updated: 6897748
	3246  -  MemoryUsage of job (MB)
	3323676  -  ResidentSetSize of job (KB)
...
006 (2578.000.000) 03/31 05:29:25 Image size of job updated: 6897748
	3254  -  MemoryUsage of job (MB)
	3331680  -  ResidentSetSize of job (KB)
...
006 (2578.000.000) 03/31 05:39:26 Image size of job updated: 6897748
	3273  -  MemoryUsage of job (MB)
	3350848  -  ResidentSetSize of job (KB)
...
005 (2578.000.000) 03/31 05:39:31 Job terminated.
	(1) Normal termination (return value 0)
		Usr 0 01:41:15, Sys 0 00:00:04  -  Run Remote Usage
		Usr 0 00:00:00, Sys 0 00:00:00  -  Run Local Usage
		Usr 0 01:41:15, Sys 0 00:00:04  -  Total Remote Usage
		Usr 0 00:00:00, Sys 0 00:00:00  -  Total Local Usage
	0  -  Run Bytes Sent By Job
	0  -  Run Bytes Received By Job
	0  -  Total Bytes Sent By Job
	0  -  Total Bytes Received By Job
	Partitionable Resources :    Usage  Request Allocated
	   Cpus                 :                 1         1
	   Disk (KB)            :       10       10    954474
	   Gpus                 :                           0
	   Memory (MB)          :     3273        1      1998
...
