000 (2571.000.000) 03/31 03:58:29 Job submitted from host: <128.83.144.174:54071>
...
001 (2571.000.000) 03/31 03:59:06 Job executing on host: <128.83.130.151:34209>
...
006 (2571.000.000) 03/31 03:59:15 Image size of job updated: 6766572
	25  -  MemoryUsage of job (MB)
	24888  -  ResidentSetSize of job (KB)
...
006 (2571.000.000) 03/31 04:04:16 Image size of job updated: 6899928
	2229  -  MemoryUsage of job (MB)
	2281556  -  ResidentSetSize of job (KB)
...
006 (2571.000.000) 03/31 04:09:17 Image size of job updated: 6901992
	2249  -  MemoryUsage of job (MB)
	2302144  -  ResidentSetSize of job (KB)
...
006 (2571.000.000) 03/31 04:14:17 Image size of job updated: 6901992
	2249  -  MemoryUsage of job (MB)
	2302616  -  ResidentSetSize of job (KB)
...
006 (2571.000.000) 03/31 04:59:21 Image size of job updated: 6901992
	2381  -  MemoryUsage of job (MB)
	2437396  -  ResidentSetSize of job (KB)
...
005 (2571.000.000) 03/31 05:40:36 Job terminated.
	(1) Normal termination (return value 0)
		Usr 0 01:41:45, Sys 0 00:00:05  -  Run Remote Usage
		Usr 0 00:00:00, Sys 0 00:00:00  -  Run Local Usage
		Usr 0 01:41:45, Sys 0 00:00:05  -  Total Remote Usage
		Usr 0 00:00:00, Sys 0 00:00:00  -  Total Local Usage
	0  -  Run Bytes Sent By Job
	0  -  Run Bytes Received By Job
	0  -  Total Bytes Sent By Job
	0  -  Total Bytes Received By Job
	Partitionable Resources :    Usage  Request Allocated
	   Cpus                 :                 1         1
	   Disk (KB)            :       10       10    955416
	   Gpus                 :                           0
	   Memory (MB)          :     2381        1      2000
...
