000 (2555.000.000) 03/31 03:56:14 Job submitted from host: <128.83.144.174:54071>
...
001 (2555.000.000) 03/31 03:56:43 Job executing on host: <128.83.120.53:56282>
...
006 (2555.000.000) 03/31 03:56:51 Image size of job updated: 6899928
	865  -  MemoryUsage of job (MB)
	885516  -  ResidentSetSize of job (KB)
...
006 (2555.000.000) 03/31 04:01:52 Image size of job updated: 6899928
	2943  -  MemoryUsage of job (MB)
	3013512  -  ResidentSetSize of job (KB)
...
006 (2555.000.000) 03/31 04:06:53 Image size of job updated: 6899928
	3646  -  MemoryUsage of job (MB)
	3732676  -  ResidentSetSize of job (KB)
...
006 (2555.000.000) 03/31 04:11:53 Image size of job updated: 6899928
	3873  -  MemoryUsage of job (MB)
	3965140  -  ResidentSetSize of job (KB)
...
006 (2555.000.000) 03/31 04:36:55 Image size of job updated: 6901992
	3873  -  MemoryUsage of job (MB)
	3965140  -  ResidentSetSize of job (KB)
...
006 (2555.000.000) 03/31 04:46:57 Image size of job updated: 6901992
	3922  -  MemoryUsage of job (MB)
	4016028  -  ResidentSetSize of job (KB)
...
006 (2555.000.000) 03/31 04:56:57 Image size of job updated: 6901992
	3923  -  MemoryUsage of job (MB)
	4016220  -  ResidentSetSize of job (KB)
...
006 (2555.000.000) 03/31 05:06:59 Image size of job updated: 6901992
	3939  -  MemoryUsage of job (MB)
	4032788  -  ResidentSetSize of job (KB)
...
006 (2555.000.000) 03/31 05:11:59 Image size of job updated: 6901992
	3948  -  MemoryUsage of job (MB)
	4041852  -  ResidentSetSize of job (KB)
...
006 (2555.000.000) 03/31 05:22:02 Image size of job updated: 6901992
	4248  -  MemoryUsage of job (MB)
	4349432  -  ResidentSetSize of job (KB)
...
005 (2555.000.000) 03/31 06:03:55 Job terminated.
	(1) Normal termination (return value 0)
		Usr 0 02:09:44, Sys 0 00:00:18  -  Run Remote Usage
		Usr 0 00:00:00, Sys 0 00:00:00  -  Run Local Usage
		Usr 0 02:09:44, Sys 0 00:00:18  -  Total Remote Usage
		Usr 0 00:00:00, Sys 0 00:00:00  -  Total Local Usage
	0  -  Run Bytes Sent By Job
	0  -  Run Bytes Received By Job
	0  -  Total Bytes Sent By Job
	0  -  Total Bytes Received By Job
	Partitionable Resources :    Usage  Request Allocated
	   Cpus                 :                 1         1
	   Disk (KB)            :       10       10    955548
	   Gpus                 :                           0
	   Memory (MB)          :     4248        1      2000
...
