000 (2568.000.000) 03/31 03:58:29 Job submitted from host: <128.83.144.174:54071>
...
001 (2568.000.000) 03/31 03:59:06 Job executing on host: <128.83.130.18:57547>
...
006 (2568.000.000) 03/31 03:59:14 Image size of job updated: 6899928
	1413  -  MemoryUsage of job (MB)
	1446132  -  ResidentSetSize of job (KB)
...
006 (2568.000.000) 03/31 04:04:14 Image size of job updated: 6899928
	2108  -  MemoryUsage of job (MB)
	2158132  -  ResidentSetSize of job (KB)
...
005 (2568.000.000) 03/31 04:12:53 Job terminated.
	(1) Normal termination (return value 0)
		Usr 0 00:14:22, Sys 0 00:00:01  -  Run Remote Usage
		Usr 0 00:00:00, Sys 0 00:00:00  -  Run Local Usage
		Usr 0 00:14:22, Sys 0 00:00:01  -  Total Remote Usage
		Usr 0 00:00:00, Sys 0 00:00:00  -  Total Local Usage
	0  -  Run Bytes Sent By Job
	0  -  Run Bytes Received By Job
	0  -  Total Bytes Sent By Job
	0  -  Total Bytes Received By Job
	Partitionable Resources :    Usage  Request Allocated
	   Cpus                 :                 1         1
	   Disk (KB)            :       10       10    955425
	   Gpus                 :                           0
	   Memory (MB)          :     2108        1      2000
...
