000 (2546.000.000) 03/31 03:56:14 Job submitted from host: <128.83.144.174:54071>
...
001 (2546.000.000) 03/31 03:56:43 Job executing on host: <128.83.139.150:49921>
...
006 (2546.000.000) 03/31 03:56:51 Image size of job updated: 10
	2  -  MemoryUsage of job (MB)
	2016  -  ResidentSetSize of job (KB)
...
006 (2546.000.000) 03/31 04:01:51 Image size of job updated: 37035500
	10527  -  MemoryUsage of job (MB)
	10778708  -  ResidentSetSize of job (KB)
...
006 (2546.000.000) 03/31 04:21:52 Image size of job updated: 37037564
	10527  -  MemoryUsage of job (MB)
	10778708  -  ResidentSetSize of job (KB)
...
006 (2546.000.000) 03/31 04:36:53 Image size of job updated: 37037564
	10541  -  MemoryUsage of job (MB)
	10792984  -  ResidentSetSize of job (KB)
...
005 (2546.000.000) 03/31 04:45:40 Job terminated.
	(1) Normal termination (return value 0)
		Usr 0 00:49:33, Sys 0 00:00:11  -  Run Remote Usage
		Usr 0 00:00:00, Sys 0 00:00:00  -  Run Local Usage
		Usr 0 00:49:33, Sys 0 00:00:11  -  Total Remote Usage
		Usr 0 00:00:00, Sys 0 00:00:00  -  Total Local Usage
	0  -  Run Bytes Sent By Job
	0  -  Run Bytes Received By Job
	0  -  Total Bytes Sent By Job
	0  -  Total Bytes Received By Job
	Partitionable Resources :    Usage  Request Allocated
	   Cpus                 :                 1         1
	   Disk (KB)            :       10       10   7541858
	   Gpus                 :                           0
	   Memory (MB)          :    10541        1      4027
...
