000 (2557.000.000) 03/31 03:56:14 Job submitted from host: <128.83.144.174:54071>
...
001 (2557.000.000) 03/31 03:56:43 Job executing on host: <128.83.144.215:37955>
...
006 (2557.000.000) 03/31 03:56:52 Image size of job updated: 6899928
	1566  -  MemoryUsage of job (MB)
	1602896  -  ResidentSetSize of job (KB)
...
006 (2557.000.000) 03/31 04:01:53 Image size of job updated: 6899928
	2906  -  MemoryUsage of job (MB)
	2974888  -  ResidentSetSize of job (KB)
...
006 (2557.000.000) 03/31 04:11:54 Image size of job updated: 6899928
	3000  -  MemoryUsage of job (MB)
	3071252  -  ResidentSetSize of job (KB)
...
006 (2557.000.000) 03/31 04:16:54 Image size of job updated: 6899928
	3232  -  MemoryUsage of job (MB)
	3308896  -  ResidentSetSize of job (KB)
...
006 (2557.000.000) 03/31 04:21:55 Image size of job updated: 6899928
	3322  -  MemoryUsage of job (MB)
	3400740  -  ResidentSetSize of job (KB)
...
006 (2557.000.000) 03/31 04:41:58 Image size of job updated: 6899928
	3340  -  MemoryUsage of job (MB)
	3419856  -  ResidentSetSize of job (KB)
...
006 (2557.000.000) 03/31 04:46:58 Image size of job updated: 6899928
	4061  -  MemoryUsage of job (MB)
	4157508  -  ResidentSetSize of job (KB)
...
006 (2557.000.000) 03/31 04:51:58 Image size of job updated: 6901992
	4255  -  MemoryUsage of job (MB)
	4356288  -  ResidentSetSize of job (KB)
...
006 (2557.000.000) 03/31 04:56:59 Image size of job updated: 6901992
	4255  -  MemoryUsage of job (MB)
	4356448  -  ResidentSetSize of job (KB)
...
006 (2557.000.000) 03/31 05:22:02 Image size of job updated: 6901992
	4273  -  MemoryUsage of job (MB)
	4375488  -  ResidentSetSize of job (KB)
...
006 (2557.000.000) 03/31 05:27:02 Image size of job updated: 6901992
	4276  -  MemoryUsage of job (MB)
	4378068  -  ResidentSetSize of job (KB)
...
005 (2557.000.000) 03/31 07:28:00 Job terminated.
	(1) Normal termination (return value 0)
		Usr 0 03:33:37, Sys 0 00:00:12  -  Run Remote Usage
		Usr 0 00:00:00, Sys 0 00:00:00  -  Run Local Usage
		Usr 0 03:33:37, Sys 0 00:00:12  -  Total Remote Usage
		Usr 0 00:00:00, Sys 0 00:00:00  -  Total Local Usage
	0  -  Run Bytes Sent By Job
	0  -  Run Bytes Received By Job
	0  -  Total Bytes Sent By Job
	0  -  Total Bytes Received By Job
	Partitionable Resources :    Usage  Request Allocated
	   Cpus                 :                 1         1
	   Disk (KB)            :       10       10    955420
	   Gpus                 :                           0
	   Memory (MB)          :     4276        1      2000
...
