000 (168.000.000) 04/03 21:38:05 Job submitted from host: <128.83.120.175:38166>
...
001 (168.000.000) 04/03 21:38:18 Job executing on host: <128.83.120.212:44929>
...
006 (168.000.000) 04/03 21:38:26 Image size of job updated: 16911096
	8  -  MemoryUsage of job (MB)
	8040  -  ResidentSetSize of job (KB)
...
006 (168.000.000) 04/03 21:43:26 Image size of job updated: 20979628
	2596  -  MemoryUsage of job (MB)
	2657320  -  ResidentSetSize of job (KB)
...
010 (168.000.000) 04/03 21:43:56 Job was suspended.
	Number of processes actually suspended: 1
...
011 (168.000.000) 04/03 21:45:22 Job was unsuspended.
...
006 (168.000.000) 04/03 21:48:26 Image size of job updated: 20979628
	2859  -  MemoryUsage of job (MB)
	2927480  -  ResidentSetSize of job (KB)
...
005 (168.000.000) 04/03 21:52:57 Job terminated.
	(1) Normal termination (return value 0)
		Usr 0 00:13:29, Sys 0 00:00:13  -  Run Remote Usage
		Usr 0 00:00:00, Sys 0 00:00:00  -  Run Local Usage
		Usr 0 00:13:29, Sys 0 00:00:13  -  Total Remote Usage
		Usr 0 00:00:00, Sys 0 00:00:00  -  Total Local Usage
	0  -  Run Bytes Sent By Job
	0  -  Run Bytes Received By Job
	0  -  Total Bytes Sent By Job
	0  -  Total Bytes Received By Job
	Partitionable Resources :    Usage  Request Allocated
	   Cpus                 :                 1         1
	   Disk (KB)            :       10       10    472878
	   Gpus                 :                           0
	   Memory (MB)          :     2859        1      2684
...
