000 (169.000.000) 04/03 21:38:05 Job submitted from host: <128.83.120.175:38166>
...
001 (169.000.000) 04/03 21:38:18 Job executing on host: <128.83.120.212:44929>
...
006 (169.000.000) 04/03 21:38:26 Image size of job updated: 10
	2  -  MemoryUsage of job (MB)
	2016  -  ResidentSetSize of job (KB)
...
006 (169.000.000) 04/03 21:43:26 Image size of job updated: 20979628
	3051  -  MemoryUsage of job (MB)
	3124048  -  ResidentSetSize of job (KB)
...
010 (169.000.000) 04/03 21:43:56 Job was suspended.
	Number of processes actually suspended: 1
...
006 (169.000.000) 04/03 21:43:56 Image size of job updated: 20979628
	3230  -  MemoryUsage of job (MB)
	3306760  -  ResidentSetSize of job (KB)
...
011 (169.000.000) 04/03 21:45:05 Job was unsuspended.
...
006 (169.000.000) 04/03 21:48:27 Image size of job updated: 20979628
	3686  -  MemoryUsage of job (MB)
	3774436  -  ResidentSetSize of job (KB)
...
006 (169.000.000) 04/03 21:53:27 Image size of job updated: 20979628
	4163  -  MemoryUsage of job (MB)
	4262064  -  ResidentSetSize of job (KB)
...
005 (169.000.000) 04/03 21:53:33 Job terminated.
	(1) Normal termination (return value 0)
		Usr 0 00:14:10, Sys 0 00:00:12  -  Run Remote Usage
		Usr 0 00:00:00, Sys 0 00:00:00  -  Run Local Usage
		Usr 0 00:14:10, Sys 0 00:00:12  -  Total Remote Usage
		Usr 0 00:00:00, Sys 0 00:00:00  -  Total Local Usage
	0  -  Run Bytes Sent By Job
	0  -  Run Bytes Received By Job
	0  -  Total Bytes Sent By Job
	0  -  Total Bytes Received By Job
	Partitionable Resources :    Usage  Request Allocated
	   Cpus                 :                 1         1
	   Disk (KB)            :       10       10    472878
	   Gpus                 :                           0
	   Memory (MB)          :     4163        1      2684
...
