000 (2694.000.000) 04/03 20:54:03 Job submitted from host: <128.83.144.174:47204>
...
001 (2694.000.000) 04/03 20:54:23 Job executing on host: <128.83.120.252:35504>
...
006 (2694.000.000) 04/03 20:54:32 Image size of job updated: 20977564
	646  -  MemoryUsage of job (MB)
	661000  -  ResidentSetSize of job (KB)
...
006 (2694.000.000) 04/03 20:57:44 Image size of job updated: 20979628
	646  -  MemoryUsage of job (MB)
	661000  -  ResidentSetSize of job (KB)
...
005 (2694.000.000) 04/03 20:57:44 Job terminated.
	(1) Normal termination (return value 0)
		Usr 0 00:04:00, Sys 0 00:00:02  -  Run Remote Usage
		Usr 0 00:00:00, Sys 0 00:00:00  -  Run Local Usage
		Usr 0 00:04:00, Sys 0 00:00:02  -  Total Remote Usage
		Usr 0 00:00:00, Sys 0 00:00:00  -  Total Local Usage
	0  -  Run Bytes Sent By Job
	0  -  Run Bytes Received By Job
	0  -  Total Bytes Sent By Job
	0  -  Total Bytes Received By Job
	Partitionable Resources :    Usage  Request Allocated
	   Cpus                 :                 1         1
	   Disk (KB)            :       10       10    472887
	   Gpus                 :                           0
	   Memory (MB)          :      646        1      2684
...
