000 (165.000.000) 04/03 21:38:05 Job submitted from host: <128.83.120.175:38166>
...
001 (165.000.000) 04/03 21:38:18 Job executing on host: <128.83.120.212:44929>
...
006 (165.000.000) 04/03 21:38:26 Image size of job updated: 364860
	8  -  MemoryUsage of job (MB)
	7520  -  ResidentSetSize of job (KB)
...
010 (165.000.000) 04/03 21:43:24 Job was suspended.
	Number of processes actually suspended: 1
...
006 (165.000.000) 04/03 21:43:24 Image size of job updated: 20979628
	2351  -  MemoryUsage of job (MB)
	2407408  -  ResidentSetSize of job (KB)
...
011 (165.000.000) 04/03 21:46:02 Job was unsuspended.
...
005 (165.000.000) 04/03 21:49:33 Job terminated.
	(1) Normal termination (return value 0)
		Usr 0 00:08:44, Sys 0 00:00:11  -  Run Remote Usage
		Usr 0 00:00:00, Sys 0 00:00:00  -  Run Local Usage
		Usr 0 00:08:44, Sys 0 00:00:11  -  Total Remote Usage
		Usr 0 00:00:00, Sys 0 00:00:00  -  Total Local Usage
	0  -  Run Bytes Sent By Job
	0  -  Run Bytes Received By Job
	0  -  Total Bytes Sent By Job
	0  -  Total Bytes Received By Job
	Partitionable Resources :    Usage  Request Allocated
	   Cpus                 :                 1         1
	   Disk (KB)            :       10       10    472878
	   Gpus                 :                           0
	   Memory (MB)          :     2351        1      2684
...
