000 (2559.000.000) 03/31 03:58:28 Job submitted from host: <128.83.144.174:54071>
...
001 (2559.000.000) 03/31 03:59:06 Job executing on host: <128.83.144.3:49755>
...
006 (2559.000.000) 03/31 03:59:14 Image size of job updated: 10
	2  -  MemoryUsage of job (MB)
	2020  -  ResidentSetSize of job (KB)
...
010 (2559.000.000) 03/31 04:02:20 Job was suspended.
	Number of processes actually suspended: 1
...
006 (2559.000.000) 03/31 04:02:20 Image size of job updated: 6583964
	1509  -  MemoryUsage of job (MB)
	1544832  -  ResidentSetSize of job (KB)
...
011 (2559.000.000) 03/31 04:05:40 Job was unsuspended.
...
005 (2559.000.000) 03/31 04:10:24 Job terminated.
	(1) Normal termination (return value 0)
		Usr 0 00:08:21, Sys 0 00:00:06  -  Run Remote Usage
		Usr 0 00:00:00, Sys 0 00:00:00  -  Run Local Usage
		Usr 0 00:08:21, Sys 0 00:00:06  -  Total Remote Usage
		Usr 0 00:00:00, Sys 0 00:00:00  -  Total Local Usage
	0  -  Run Bytes Sent By Job
	0  -  Run Bytes Received By Job
	0  -  Total Bytes Sent By Job
	0  -  Total Bytes Received By Job
	Partitionable Resources :    Usage  Request Allocated
	   Cpus                 :                 1         1
	   Disk (KB)            :       10       10  14478266
	   Gpus                 :                           0
	   Memory (MB)          :     1509        1      4028
...
