000 (2570.000.000) 03/31 03:58:29 Job submitted from host: <128.83.144.174:54071>
...
001 (2570.000.000) 03/31 04:00:23 Job executing on host: <128.83.144.15:32976>
...
006 (2570.000.000) 03/31 04:00:31 Image size of job updated: 35761992
	21  -  MemoryUsage of job (MB)
	21368  -  ResidentSetSize of job (KB)
...
006 (2570.000.000) 03/31 04:05:31 Image size of job updated: 37384400
	4234  -  MemoryUsage of job (MB)
	4334844  -  ResidentSetSize of job (KB)
...
006 (2570.000.000) 03/31 04:10:32 Image size of job updated: 37384400
	4247  -  MemoryUsage of job (MB)
	4348512  -  ResidentSetSize of job (KB)
...
006 (2570.000.000) 03/31 04:15:32 Image size of job updated: 37384400
	4247  -  MemoryUsage of job (MB)
	4348608  -  ResidentSetSize of job (KB)
...
006 (2570.000.000) 03/31 04:30:33 Image size of job updated: 37384400
	4330  -  MemoryUsage of job (MB)
	4433012  -  ResidentSetSize of job (KB)
...
005 (2570.000.000) 03/31 04:31:51 Job terminated.
	(1) Normal termination (return value 0)
		Usr 0 00:31:49, Sys 0 00:00:06  -  Run Remote Usage
		Usr 0 00:00:00, Sys 0 00:00:00  -  Run Local Usage
		Usr 0 00:31:49, Sys 0 00:00:06  -  Total Remote Usage
		Usr 0 00:00:00, Sys 0 00:00:00  -  Total Local Usage
	0  -  Run Bytes Sent By Job
	0  -  Run Bytes Received By Job
	0  -  Total Bytes Sent By Job
	0  -  Total Bytes Received By Job
	Partitionable Resources :    Usage  Request Allocated
	   Cpus                 :                 1         1
	   Disk (KB)            :       10       10    835039
	   Gpus                 :                           0
	   Memory (MB)          :     4330        1     12899
...
