000 (2563.000.000) 03/31 03:58:29 Job submitted from host: <128.83.144.174:54071>
...
001 (2563.000.000) 03/31 03:59:06 Job executing on host: <128.83.144.215:37955>
...
006 (2563.000.000) 03/31 03:59:14 Image size of job updated: 6899928
	107  -  MemoryUsage of job (MB)
	108588  -  ResidentSetSize of job (KB)
...
010 (2563.000.000) 03/31 03:59:28 Job was suspended.
	Number of processes actually suspended: 1
...
006 (2563.000.000) 03/31 03:59:28 Image size of job updated: 6899928
	1535  -  MemoryUsage of job (MB)
	1571072  -  ResidentSetSize of job (KB)
...
011 (2563.000.000) 03/31 03:59:48 Job was unsuspended.
...
010 (2563.000.000) 03/31 04:01:53 Job was suspended.
	Number of processes actually suspended: 1
...
006 (2563.000.000) 03/31 04:01:53 Image size of job updated: 6899928
	1550  -  MemoryUsage of job (MB)
	1586236  -  ResidentSetSize of job (KB)
...
011 (2563.000.000) 03/31 04:02:58 Job was unsuspended.
...
010 (2563.000.000) 03/31 04:03:08 Job was suspended.
	Number of processes actually suspended: 1
...
011 (2563.000.000) 03/31 04:03:23 Job was unsuspended.
...
010 (2563.000.000) 03/31 04:03:33 Job was suspended.
	Number of processes actually suspended: 1
...
011 (2563.000.000) 03/31 04:03:48 Job was unsuspended.
...
010 (2563.000.000) 03/31 04:03:53 Job was suspended.
	Number of processes actually suspended: 1
...
011 (2563.000.000) 03/31 04:04:08 Job was unsuspended.
...
010 (2563.000.000) 03/31 04:05:13 Job was suspended.
	Number of processes actually suspended: 1
...
006 (2563.000.000) 03/31 04:05:13 Image size of job updated: 6899928
	1637  -  MemoryUsage of job (MB)
	1676240  -  ResidentSetSize of job (KB)
...
011 (2563.000.000) 03/31 04:05:33 Job was unsuspended.
...
005 (2563.000.000) 03/31 04:07:30 Job terminated.
	(1) Normal termination (return value 0)
		Usr 0 00:06:10, Sys 0 00:00:00  -  Run Remote Usage
		Usr 0 00:00:00, Sys 0 00:00:00  -  Run Local Usage
		Usr 0 00:06:10, Sys 0 00:00:00  -  Total Remote Usage
		Usr 0 00:00:00, Sys 0 00:00:00  -  Total Local Usage
	0  -  Run Bytes Sent By Job
	0  -  Run Bytes Received By Job
	0  -  Total Bytes Sent By Job
	0  -  Total Bytes Received By Job
	Partitionable Resources :    Usage  Request Allocated
	   Cpus                 :                 1         1
	   Disk (KB)            :       10       10    955423
	   Gpus                 :                           0
	   Memory (MB)          :     1637        1      2000
...
