000 (009.000.000) 04/03 21:39:47 Job submitted from host: <128.83.144.114:55725>
...
001 (009.000.000) 04/03 21:40:06 Job executing on host: <128.83.120.252:35504>
...
006 (009.000.000) 04/03 21:40:15 Image size of job updated: 19718080
	18  -  MemoryUsage of job (MB)
	18016  -  ResidentSetSize of job (KB)
...
006 (009.000.000) 04/03 21:45:16 Image size of job updated: 20977564
	5556  -  MemoryUsage of job (MB)
	5688488  -  ResidentSetSize of job (KB)
...
006 (009.000.000) 04/03 22:40:22 Image size of job updated: 20979628
	5556  -  MemoryUsage of job (MB)
	5688488  -  ResidentSetSize of job (KB)
...
005 (009.000.000) 04/03 23:01:34 Job terminated.
	(1) Normal termination (return value 0)
		Usr 0 01:24:18, Sys 0 00:00:27  -  Run Remote Usage
		Usr 0 00:00:00, Sys 0 00:00:00  -  Run Local Usage
		Usr 0 01:24:18, Sys 0 00:00:27  -  Total Remote Usage
		Usr 0 00:00:00, Sys 0 00:00:00  -  Total Local Usage
	0  -  Run Bytes Sent By Job
	0  -  Run Bytes Received By Job
	0  -  Total Bytes Sent By Job
	0  -  Total Bytes Received By Job
	Partitionable Resources :    Usage  Request Allocated
	   Cpus                 :                 1         1
	   Disk (KB)            :       10       10    473522
	   Gpus                 :                           0
	   Memory (MB)          :     5556        1      2684
...
001 (2721.000.000) 04/03 23:58:32 Job executing on host: <128.83.144.5:52290>
...
006 (2721.000.000) 04/03 23:58:41 Image size of job updated: 37384400
	201  -  MemoryUsage of job (MB)
	205108  -  ResidentSetSize of job (KB)
...
006 (2721.000.000) 04/04 00:03:41 Image size of job updated: 37384400
	8836  -  MemoryUsage of job (MB)
	9047756  -  ResidentSetSize of job (KB)
...
006 (2721.000.000) 04/04 00:08:41 Image size of job updated: 37384400
	10354  -  MemoryUsage of job (MB)
	10602224  -  ResidentSetSize of job (KB)
...
006 (2721.000.000) 04/04 01:18:48 Image size of job updated: 37389668
	10354  -  MemoryUsage of job (MB)
	10602224  -  ResidentSetSize of job (KB)
...
005 (2721.000.000) 04/04 01:45:46 Job terminated.
	(1) Normal termination (return value 0)
		Usr 0 01:50:05, Sys 0 00:00:38  -  Run Remote Usage
		Usr 0 00:00:00, Sys 0 00:00:00  -  Run Local Usage
		Usr 0 01:50:05, Sys 0 00:00:38  -  Total Remote Usage
		Usr 0 00:00:00, Sys 0 00:00:00  -  Total Local Usage
	0  -  Run Bytes Sent By Job
	0  -  Run Bytes Received By Job
	0  -  Total Bytes Sent By Job
	0  -  Total Bytes Received By Job
	Partitionable Resources :    Usage  Request Allocated
	   Cpus                 :                 1         1
	   Disk (KB)            :       10       10    835055
	   Gpus                 :                           0
	   Memory (MB)          :    10354        1     12899
...
