000 (008.000.000) 04/03 21:39:47 Job submitted from host: <128.83.144.114:55725>
...
001 (008.000.000) 04/03 21:40:06 Job executing on host: <128.83.120.252:35504>
...
006 (008.000.000) 04/03 21:40:14 Image size of job updated: 19718080
	20  -  MemoryUsage of job (MB)
	20196  -  ResidentSetSize of job (KB)
...
006 (008.000.000) 04/03 21:45:14 Image size of job updated: 20977564
	5561  -  MemoryUsage of job (MB)
	5694368  -  ResidentSetSize of job (KB)
...
006 (008.000.000) 04/03 22:25:18 Image size of job updated: 20979628
	5561  -  MemoryUsage of job (MB)
	5694368  -  ResidentSetSize of job (KB)
...
005 (008.000.000) 04/03 22:45:46 Job terminated.
	(1) Normal termination (return value 0)
		Usr 0 01:07:21, Sys 0 00:00:18  -  Run Remote Usage
		Usr 0 00:00:00, Sys 0 00:00:00  -  Run Local Usage
		Usr 0 01:07:21, Sys 0 00:00:18  -  Total Remote Usage
		Usr 0 00:00:00, Sys 0 00:00:00  -  Total Local Usage
	0  -  Run Bytes Sent By Job
	0  -  Run Bytes Received By Job
	0  -  Total Bytes Sent By Job
	0  -  Total Bytes Received By Job
	Partitionable Resources :    Usage  Request Allocated
	   Cpus                 :                 1         1
	   Disk (KB)            :       10       10    473522
	   Gpus                 :                           0
	   Memory (MB)          :     5561        1      2684
...
001 (2720.000.000) 04/03 23:58:32 Job executing on host: <128.83.144.5:52290>
...
006 (2720.000.000) 04/03 23:58:41 Image size of job updated: 37384400
	297  -  MemoryUsage of job (MB)
	303716  -  ResidentSetSize of job (KB)
...
006 (2720.000.000) 04/04 00:03:41 Image size of job updated: 37384400
	8748  -  MemoryUsage of job (MB)
	8957888  -  ResidentSetSize of job (KB)
...
006 (2720.000.000) 04/04 00:08:41 Image size of job updated: 37384400
	10305  -  MemoryUsage of job (MB)
	10551584  -  ResidentSetSize of job (KB)
...
006 (2720.000.000) 04/04 00:13:42 Image size of job updated: 37384400
	10325  -  MemoryUsage of job (MB)
	10572260  -  ResidentSetSize of job (KB)
...
006 (2720.000.000) 04/04 01:08:48 Image size of job updated: 37390612
	10325  -  MemoryUsage of job (MB)
	10572260  -  ResidentSetSize of job (KB)
...
005 (2720.000.000) 04/04 01:35:24 Job terminated.
	(1) Normal termination (return value 0)
		Usr 0 01:39:19, Sys 0 00:00:25  -  Run Remote Usage
		Usr 0 00:00:00, Sys 0 00:00:00  -  Run Local Usage
		Usr 0 01:39:19, Sys 0 00:00:25  -  Total Remote Usage
		Usr 0 00:00:00, Sys 0 00:00:00  -  Total Local Usage
	0  -  Run Bytes Sent By Job
	0  -  Run Bytes Received By Job
	0  -  Total Bytes Sent By Job
	0  -  Total Bytes Received By Job
	Partitionable Resources :    Usage  Request Allocated
	   Cpus                 :                 1         1
	   Disk (KB)            :       10       10    835055
	   Gpus                 :                           0
	   Memory (MB)          :    10325        1     12899
...
