001 (2699.000.000) 04/03 23:58:29 Job executing on host: <128.83.120.231:52174>
...
006 (2699.000.000) 04/03 23:58:37 Image size of job updated: 37384400
	2686  -  MemoryUsage of job (MB)
	2750000  -  ResidentSetSize of job (KB)
...
006 (2699.000.000) 04/04 00:03:37 Image size of job updated: 37386464
	2686  -  MemoryUsage of job (MB)
	2750000  -  ResidentSetSize of job (KB)
...
005 (2699.000.000) 04/04 00:10:10 Job terminated.
	(1) Normal termination (return value 0)
		Usr 0 00:12:37, Sys 0 00:00:04  -  Run Remote Usage
		Usr 0 00:00:00, Sys 0 00:00:00  -  Run Local Usage
		Usr 0 00:12:37, Sys 0 00:00:04  -  Total Remote Usage
		Usr 0 00:00:00, Sys 0 00:00:00  -  Total Local Usage
	0  -  Run Bytes Sent By Job
	0  -  Run Bytes Received By Job
	0  -  Total Bytes Sent By Job
	0  -  Total Bytes Received By Job
	Partitionable Resources :    Usage  Request Allocated
	   Cpus                 :                 1         1
	   Disk (KB)            :       10       10    835047
	   Gpus                 :                           0
	   Memory (MB)          :     2686     2686     12899
...
