000 (012.000.000) 04/03 21:39:48 Job submitted from host: <128.83.144.114:55725>
...
001 (012.000.000) 04/03 21:40:06 Job executing on host: <128.83.120.252:35504>
...
006 (012.000.000) 04/03 21:40:15 Image size of job updated: 10
	2  -  MemoryUsage of job (MB)
	2012  -  ResidentSetSize of job (KB)
...
006 (012.000.000) 04/03 21:45:16 Image size of job updated: 20977564
	5660  -  MemoryUsage of job (MB)
	5795604  -  ResidentSetSize of job (KB)
...
006 (012.000.000) 04/03 23:10:24 Image size of job updated: 20979628
	5660  -  MemoryUsage of job (MB)
	5795604  -  ResidentSetSize of job (KB)
...
005 (012.000.000) 04/03 23:27:29 Job terminated.
	(1) Normal termination (return value 0)
		Usr 0 01:50:42, Sys 0 00:00:38  -  Run Remote Usage
		Usr 0 00:00:00, Sys 0 00:00:00  -  Run Local Usage
		Usr 0 01:50:42, Sys 0 00:00:38  -  Total Remote Usage
		Usr 0 00:00:00, Sys 0 00:00:00  -  Total Local Usage
	0  -  Run Bytes Sent By Job
	0  -  Run Bytes Received By Job
	0  -  Total Bytes Sent By Job
	0  -  Total Bytes Received By Job
	Partitionable Resources :    Usage  Request Allocated
	   Cpus                 :                 1         1
	   Disk (KB)            :       10       10    473522
	   Gpus                 :                           0
	   Memory (MB)          :     5660        1      2684
...
001 (2724.000.000) 04/03 23:58:32 Job executing on host: <128.83.144.5:52290>
...
006 (2724.000.000) 04/03 23:58:41 Image size of job updated: 37384400
	267  -  MemoryUsage of job (MB)
	272720  -  ResidentSetSize of job (KB)
...
006 (2724.000.000) 04/04 00:03:41 Image size of job updated: 37384400
	8908  -  MemoryUsage of job (MB)
	9120956  -  ResidentSetSize of job (KB)
...
006 (2724.000.000) 04/04 00:08:41 Image size of job updated: 37384400
	10393  -  MemoryUsage of job (MB)
	10642276  -  ResidentSetSize of job (KB)
...
006 (2724.000.000) 04/04 00:13:42 Image size of job updated: 37384400
	10460  -  MemoryUsage of job (MB)
	10710396  -  ResidentSetSize of job (KB)
...
