000 (003.000.000) 04/03 21:39:47 Job submitted from host: <128.83.144.114:55725>
...
001 (003.000.000) 04/03 21:40:06 Job executing on host: <128.83.120.212:44929>
...
006 (003.000.000) 04/03 21:40:15 Image size of job updated: 20977336
	27  -  MemoryUsage of job (MB)
	27044  -  ResidentSetSize of job (KB)
...
010 (003.000.000) 04/03 21:42:23 Job was suspended.
	Number of processes actually suspended: 1
...
006 (003.000.000) 04/03 21:42:23 Image size of job updated: 20977564
	3401  -  MemoryUsage of job (MB)
	3482148  -  ResidentSetSize of job (KB)
...
006 (003.000.000) 04/03 21:45:17 Image size of job updated: 20977564
	3402  -  MemoryUsage of job (MB)
	3483340  -  ResidentSetSize of job (KB)
...
011 (003.000.000) 04/03 21:52:18 Job was unsuspended.
...
004 (003.000.000) 04/03 21:52:18 Job was evicted.
	(0) Job was not checkpointed.
		Usr 0 00:01:25, Sys 0 00:00:10  -  Run Remote Usage
		Usr 0 00:00:00, Sys 0 00:00:00  -  Run Local Usage
	0  -  Run Bytes Sent By Job
	0  -  Run Bytes Received By Job
	Partitionable Resources :    Usage  Request Allocated
	   Cpus                 :                 1         1
	   Disk (KB)            :       10       10    472873
	   Gpus                 :                           0
	   Memory (MB)          :     3402        1      2684
...
001 (003.000.000) 04/03 21:56:18 Job executing on host: <128.83.144.138:45272>
...
006 (003.000.000) 04/03 21:56:26 Image size of job updated: 29536788
	3418  -  MemoryUsage of job (MB)
	3500000  -  ResidentSetSize of job (KB)
...
010 (003.000.000) 04/03 21:59:26 Job was suspended.
	Number of processes actually suspended: 1
...
006 (003.000.000) 04/03 21:59:26 Image size of job updated: 29536788
	8232  -  MemoryUsage of job (MB)
	8429096  -  ResidentSetSize of job (KB)
...
011 (003.000.000) 04/03 22:07:09 Job was unsuspended.
...
010 (003.000.000) 04/03 22:12:59 Job was suspended.
	Number of processes actually suspended: 1
...
006 (003.000.000) 04/03 22:12:59 Image size of job updated: 29538852
	8232  -  MemoryUsage of job (MB)
	8429096  -  ResidentSetSize of job (KB)
...
011 (003.000.000) 04/03 22:23:02 Job was unsuspended.
...
004 (003.000.000) 04/03 22:23:02 Job was evicted.
	(0) Job was not checkpointed.
		Usr 0 00:09:50, Sys 0 00:00:10  -  Run Remote Usage
		Usr 0 00:00:00, Sys 0 00:00:00  -  Run Local Usage
	0  -  Run Bytes Sent By Job
	0  -  Run Bytes Received By Job
	Partitionable Resources :    Usage  Request Allocated
	   Cpus                 :                 1         1
	   Disk (KB)            :       10       10   8861766
	   Gpus                 :                           0
	   Memory (MB)          :     8232     3418      4028
...
001 (003.000.000) 04/03 22:27:23 Job executing on host: <128.83.120.228:39477>
...
006 (003.000.000) 04/03 22:27:32 Image size of job updated: 37384400
	9766  -  MemoryUsage of job (MB)
	10000000  -  ResidentSetSize of job (KB)
...
006 (003.000.000) 04/03 22:32:33 Image size of job updated: 37384400
	10320  -  MemoryUsage of job (MB)
	10566904  -  ResidentSetSize of job (KB)
...
006 (003.000.000) 04/03 22:37:33 Image size of job updated: 37386464
	10320  -  MemoryUsage of job (MB)
	10566904  -  ResidentSetSize of job (KB)
...
005 (003.000.000) 04/03 22:58:11 Job terminated.
	(1) Normal termination (return value 0)
		Usr 0 00:31:42, Sys 0 00:00:13  -  Run Remote Usage
		Usr 0 00:00:00, Sys 0 00:00:00  -  Run Local Usage
		Usr 0 00:31:42, Sys 0 00:00:13  -  Total Remote Usage
		Usr 0 00:00:00, Sys 0 00:00:00  -  Total Local Usage
	0  -  Run Bytes Sent By Job
	0  -  Run Bytes Received By Job
	0  -  Total Bytes Sent By Job
	0  -  Total Bytes Received By Job
	Partitionable Resources :    Usage  Request Allocated
	   Cpus                 :                 1         1
	   Disk (KB)            :       10       10    835058
	   Gpus                 :                           0
	   Memory (MB)          :    10320     9766     12899
...
001 (2715.000.000) 04/03 23:58:30 Job executing on host: <128.83.144.5:52290>
...
006 (2715.000.000) 04/03 23:58:39 Image size of job updated: 37384400
	3174  -  MemoryUsage of job (MB)
	3250000  -  ResidentSetSize of job (KB)
...
006 (2715.000.000) 04/04 00:03:40 Image size of job updated: 37384400
	8715  -  MemoryUsage of job (MB)
	8923192  -  ResidentSetSize of job (KB)
...
006 (2715.000.000) 04/04 00:08:41 Image size of job updated: 37384400
	10339  -  MemoryUsage of job (MB)
	10586416  -  ResidentSetSize of job (KB)
...
006 (2715.000.000) 04/04 00:18:41 Image size of job updated: 37384400
	10340  -  MemoryUsage of job (MB)
	10587804  -  ResidentSetSize of job (KB)
...
006 (2715.000.000) 04/04 00:23:42 Image size of job updated: 37386464
	10352  -  MemoryUsage of job (MB)
	10600036  -  ResidentSetSize of job (KB)
...
006 (2715.000.000) 04/04 00:38:44 Image size of job updated: 37386464
	10354  -  MemoryUsage of job (MB)
	10601668  -  ResidentSetSize of job (KB)
...
005 (2715.000.000) 04/04 00:53:41 Job terminated.
	(1) Normal termination (return value 0)
		Usr 0 00:56:30, Sys 0 00:00:15  -  Run Remote Usage
		Usr 0 00:00:00, Sys 0 00:00:00  -  Run Local Usage
		Usr 0 00:56:30, Sys 0 00:00:15  -  Total Remote Usage
		Usr 0 00:00:00, Sys 0 00:00:00  -  Total Local Usage
	0  -  Run Bytes Sent By Job
	0  -  Run Bytes Received By Job
	0  -  Total Bytes Sent By Job
	0  -  Total Bytes Received By Job
	Partitionable Resources :    Usage  Request Allocated
	   Cpus                 :                 1         1
	   Disk (KB)            :       10       10    835055
	   Gpus                 :                           0
	   Memory (MB)          :    10354     3174     12899
...
