000 (121.000.000) 04/03 21:31:22 Job submitted from host: <128.83.144.73:46356>
...
001 (121.000.000) 04/03 21:32:25 Job executing on host: <128.83.120.212:44929>
...
006 (121.000.000) 04/03 21:32:34 Image size of job updated: 20977564
	1178  -  MemoryUsage of job (MB)
	1206072  -  ResidentSetSize of job (KB)
...
006 (121.000.000) 04/03 21:37:35 Image size of job updated: 20977564
	5717  -  MemoryUsage of job (MB)
	5853368  -  ResidentSetSize of job (KB)
...
006 (121.000.000) 04/03 21:52:37 Image size of job updated: 20977564
	5744  -  MemoryUsage of job (MB)
	5881392  -  ResidentSetSize of job (KB)
...
006 (121.000.000) 04/03 23:32:48 Image size of job updated: 20979628
	5744  -  MemoryUsage of job (MB)
	5881392  -  ResidentSetSize of job (KB)
...
005 (121.000.000) 04/03 23:52:21 Job terminated.
	(1) Normal termination (return value 0)
		Usr 0 02:16:28, Sys 0 00:02:07  -  Run Remote Usage
		Usr 0 00:00:00, Sys 0 00:00:00  -  Run Local Usage
		Usr 0 02:16:28, Sys 0 00:02:07  -  Total Remote Usage
		Usr 0 00:00:00, Sys 0 00:00:00  -  Total Local Usage
	0  -  Run Bytes Sent By Job
	0  -  Run Bytes Received By Job
	0  -  Total Bytes Sent By Job
	0  -  Total Bytes Received By Job
	Partitionable Resources :    Usage  Request Allocated
	   Cpus                 :                 1         1
	   Disk (KB)            :       10       10    473523
	   Gpus                 :                           0
	   Memory (MB)          :     5744        1      2684
...
001 (2709.000.000) 04/03 23:58:29 Job executing on host: <128.83.144.5:52290>
...
006 (2709.000.000) 04/03 23:58:38 Image size of job updated: 37386624
	4639  -  MemoryUsage of job (MB)
	4750000  -  ResidentSetSize of job (KB)
...
006 (2709.000.000) 04/04 00:03:39 Image size of job updated: 37386624
	8997  -  MemoryUsage of job (MB)
	9212636  -  ResidentSetSize of job (KB)
...
006 (2709.000.000) 04/04 00:08:39 Image size of job updated: 37386624
	10470  -  MemoryUsage of job (MB)
	10721080  -  ResidentSetSize of job (KB)
...
006 (2709.000.000) 04/04 00:13:39 Image size of job updated: 37386624
	10494  -  MemoryUsage of job (MB)
	10745636  -  ResidentSetSize of job (KB)
...
006 (2709.000.000) 04/04 00:18:41 Image size of job updated: 37386624
	10525  -  MemoryUsage of job (MB)
	10777544  -  ResidentSetSize of job (KB)
...
