000 (006.000.000) 04/03 21:39:47 Job submitted from host: <128.83.144.114:55725>
...
001 (006.000.000) 04/03 21:40:06 Job executing on host: <128.83.120.252:35504>
...
006 (006.000.000) 04/03 21:40:14 Image size of job updated: 19718080
	18  -  MemoryUsage of job (MB)
	18132  -  ResidentSetSize of job (KB)
...
006 (006.000.000) 04/03 21:45:14 Image size of job updated: 20977564
	5482  -  MemoryUsage of job (MB)
	5612984  -  ResidentSetSize of job (KB)
...
006 (006.000.000) 04/03 22:05:17 Image size of job updated: 20979628
	5482  -  MemoryUsage of job (MB)
	5612984  -  ResidentSetSize of job (KB)
...
005 (006.000.000) 04/03 22:30:43 Job terminated.
	(1) Normal termination (return value 0)
		Usr 0 00:51:49, Sys 0 00:00:14  -  Run Remote Usage
		Usr 0 00:00:00, Sys 0 00:00:00  -  Run Local Usage
		Usr 0 00:51:49, Sys 0 00:00:14  -  Total Remote Usage
		Usr 0 00:00:00, Sys 0 00:00:00  -  Total Local Usage
	0  -  Run Bytes Sent By Job
	0  -  Run Bytes Received By Job
	0  -  Total Bytes Sent By Job
	0  -  Total Bytes Received By Job
	Partitionable Resources :    Usage  Request Allocated
	   Cpus                 :                 1         1
	   Disk (KB)            :       10       10    473522
	   Gpus                 :                           0
	   Memory (MB)          :     5482        1      2684
...
001 (2718.000.000) 04/03 23:58:31 Job executing on host: <128.83.144.5:52290>
...
006 (2718.000.000) 04/03 23:58:39 Image size of job updated: 37385328
	3418  -  MemoryUsage of job (MB)
	3500000  -  ResidentSetSize of job (KB)
...
006 (2718.000.000) 04/04 00:03:39 Image size of job updated: 37385328
	8737  -  MemoryUsage of job (MB)
	8945712  -  ResidentSetSize of job (KB)
...
006 (2718.000.000) 04/04 00:08:40 Image size of job updated: 37385328
	10323  -  MemoryUsage of job (MB)
	10570220  -  ResidentSetSize of job (KB)
...
006 (2718.000.000) 04/04 00:13:41 Image size of job updated: 37385328
	10379  -  MemoryUsage of job (MB)
	10627568  -  ResidentSetSize of job (KB)
...
006 (2718.000.000) 04/04 00:43:43 Image size of job updated: 37386464
	10379  -  MemoryUsage of job (MB)
	10627568  -  ResidentSetSize of job (KB)
...
005 (2718.000.000) 04/04 01:14:20 Job terminated.
	(1) Normal termination (return value 0)
		Usr 0 01:17:12, Sys 0 00:00:28  -  Run Remote Usage
		Usr 0 00:00:00, Sys 0 00:00:00  -  Run Local Usage
		Usr 0 01:17:12, Sys 0 00:00:28  -  Total Remote Usage
		Usr 0 00:00:00, Sys 0 00:00:00  -  Total Local Usage
	0  -  Run Bytes Sent By Job
	0  -  Run Bytes Received By Job
	0  -  Total Bytes Sent By Job
	0  -  Total Bytes Received By Job
	Partitionable Resources :    Usage  Request Allocated
	   Cpus                 :                 1         1
	   Disk (KB)            :       10       10    835055
	   Gpus                 :                           0
	   Memory (MB)          :    10379     3418     12899
...
