000 (007.000.000) 04/03 21:39:47 Job submitted from host: <128.83.144.114:55725>
...
001 (007.000.000) 04/03 21:40:06 Job executing on host: <128.83.120.252:35504>
...
006 (007.000.000) 04/03 21:40:15 Image size of job updated: 19718080
	18  -  MemoryUsage of job (MB)
	18152  -  ResidentSetSize of job (KB)
...
006 (007.000.000) 04/03 21:45:16 Image size of job updated: 20977564
	5511  -  MemoryUsage of job (MB)
	5642532  -  ResidentSetSize of job (KB)
...
006 (007.000.000) 04/03 22:15:18 Image size of job updated: 20979628
	5511  -  MemoryUsage of job (MB)
	5642532  -  ResidentSetSize of job (KB)
...
005 (007.000.000) 04/03 22:38:56 Job terminated.
	(1) Normal termination (return value 0)
		Usr 0 01:00:12, Sys 0 00:00:19  -  Run Remote Usage
		Usr 0 00:00:00, Sys 0 00:00:00  -  Run Local Usage
		Usr 0 01:00:12, Sys 0 00:00:19  -  Total Remote Usage
		Usr 0 00:00:00, Sys 0 00:00:00  -  Total Local Usage
	0  -  Run Bytes Sent By Job
	0  -  Run Bytes Received By Job
	0  -  Total Bytes Sent By Job
	0  -  Total Bytes Received By Job
	Partitionable Resources :    Usage  Request Allocated
	   Cpus                 :                 1         1
	   Disk (KB)            :       10       10    473522
	   Gpus                 :                           0
	   Memory (MB)          :     5511        1      2684
...
001 (2719.000.000) 04/03 23:58:32 Job executing on host: <128.83.144.5:52290>
...
006 (2719.000.000) 04/03 23:58:41 Image size of job updated: 37384400
	3907  -  MemoryUsage of job (MB)
	4000000  -  ResidentSetSize of job (KB)
...
006 (2719.000.000) 04/04 00:03:42 Image size of job updated: 37384400
	8834  -  MemoryUsage of job (MB)
	9045460  -  ResidentSetSize of job (KB)
...
006 (2719.000.000) 04/04 00:08:42 Image size of job updated: 37384400
	10364  -  MemoryUsage of job (MB)
	10612156  -  ResidentSetSize of job (KB)
...
006 (2719.000.000) 04/04 00:53:47 Image size of job updated: 37389896
	10364  -  MemoryUsage of job (MB)
	10612156  -  ResidentSetSize of job (KB)
...
005 (2719.000.000) 04/04 01:21:39 Job terminated.
	(1) Normal termination (return value 0)
		Usr 0 01:25:04, Sys 0 00:00:28  -  Run Remote Usage
		Usr 0 00:00:00, Sys 0 00:00:00  -  Run Local Usage
		Usr 0 01:25:04, Sys 0 00:00:28  -  Total Remote Usage
		Usr 0 00:00:00, Sys 0 00:00:00  -  Total Local Usage
	0  -  Run Bytes Sent By Job
	0  -  Run Bytes Received By Job
	0  -  Total Bytes Sent By Job
	0  -  Total Bytes Received By Job
	Partitionable Resources :    Usage  Request Allocated
	   Cpus                 :                 1         1
	   Disk (KB)            :       10       10    835055
	   Gpus                 :                           0
	   Memory (MB)          :    10364     3907     12899
...
