000 (005.000.000) 04/03 21:39:47 Job submitted from host: <128.83.144.114:55725>
...
001 (005.000.000) 04/03 21:40:06 Job executing on host: <128.83.120.212:44929>
...
006 (005.000.000) 04/03 21:40:15 Image size of job updated: 102584
	3  -  MemoryUsage of job (MB)
	2248  -  ResidentSetSize of job (KB)
...
010 (005.000.000) 04/03 21:42:08 Job was suspended.
	Number of processes actually suspended: 1
...
006 (005.000.000) 04/03 21:42:08 Image size of job updated: 20977564
	3869  -  MemoryUsage of job (MB)
	3961344  -  ResidentSetSize of job (KB)
...
006 (005.000.000) 04/03 21:45:17 Image size of job updated: 20977564
	3884  -  MemoryUsage of job (MB)
	3976988  -  ResidentSetSize of job (KB)
...
011 (005.000.000) 04/03 21:52:03 Job was unsuspended.
...
004 (005.000.000) 04/03 21:52:03 Job was evicted.
	(0) Job was not checkpointed.
		Usr 0 00:00:44, Sys 0 00:00:10  -  Run Remote Usage
		Usr 0 00:00:00, Sys 0 00:00:00  -  Run Local Usage
	0  -  Run Bytes Sent By Job
	0  -  Run Bytes Received By Job
	Partitionable Resources :    Usage  Request Allocated
	   Cpus                 :                 1         1
	   Disk (KB)            :       10       10    472873
	   Gpus                 :                           0
	   Memory (MB)          :     3884        1      2684
...
001 (005.000.000) 04/03 21:56:18 Job executing on host: <128.83.139.187:39761>
...
010 (005.000.000) 04/03 22:05:27 Job was suspended.
	Number of processes actually suspended: 1
...
011 (005.000.000) 04/03 22:12:53 Job was unsuspended.
...
010 (005.000.000) 04/03 22:30:11 Job was suspended.
	Number of processes actually suspended: 1
...
011 (005.000.000) 04/03 22:30:51 Job was unsuspended.
...
010 (005.000.000) 04/03 22:38:45 Job was suspended.
	Number of processes actually suspended: 1
...
011 (005.000.000) 04/03 22:47:30 Job was unsuspended.
...
010 (005.000.000) 04/03 23:02:12 Job was suspended.
	Number of processes actually suspended: 1
...
011 (005.000.000) 04/03 23:05:32 Job was unsuspended.
...
005 (005.000.000) 04/03 23:12:29 Job terminated.
	(1) Normal termination (return value 0)
		Usr 0 00:57:20, Sys 0 00:00:22  -  Run Remote Usage
		Usr 0 00:00:00, Sys 0 00:00:00  -  Run Local Usage
		Usr 0 00:57:20, Sys 0 00:00:22  -  Total Remote Usage
		Usr 0 00:00:00, Sys 0 00:00:00  -  Total Local Usage
	0  -  Run Bytes Sent By Job
	0  -  Run Bytes Received By Job
	0  -  Total Bytes Sent By Job
	0  -  Total Bytes Received By Job
	Partitionable Resources :    Usage  Request Allocated
	   Cpus                 :                 1         1
	   Disk (KB)            :       10       10    802814
	   Gpus                 :                           0
	   Memory (MB)          :     3907     3907      4021
...
001 (2717.000.000) 04/03 23:58:31 Job executing on host: <128.83.144.5:52290>
...
006 (2717.000.000) 04/03 23:58:39 Image size of job updated: 37384400
	2686  -  MemoryUsage of job (MB)
	2750000  -  ResidentSetSize of job (KB)
...
006 (2717.000.000) 04/04 00:03:39 Image size of job updated: 37384400
	8719  -  MemoryUsage of job (MB)
	8928060  -  ResidentSetSize of job (KB)
...
006 (2717.000.000) 04/04 00:08:40 Image size of job updated: 37384400
	10343  -  MemoryUsage of job (MB)
	10591064  -  ResidentSetSize of job (KB)
...
006 (2717.000.000) 04/04 00:13:41 Image size of job updated: 37384400
	10372  -  MemoryUsage of job (MB)
	10620524  -  ResidentSetSize of job (KB)
...
006 (2717.000.000) 04/04 00:33:42 Image size of job updated: 37386464
	10372  -  MemoryUsage of job (MB)
	10620524  -  ResidentSetSize of job (KB)
...
005 (2717.000.000) 04/04 01:05:07 Job terminated.
	(1) Normal termination (return value 0)
		Usr 0 01:08:04, Sys 0 00:00:24  -  Run Remote Usage
		Usr 0 00:00:00, Sys 0 00:00:00  -  Run Local Usage
		Usr 0 01:08:04, Sys 0 00:00:24  -  Total Remote Usage
		Usr 0 00:00:00, Sys 0 00:00:00  -  Total Local Usage
	0  -  Run Bytes Sent By Job
	0  -  Run Bytes Received By Job
	0  -  Total Bytes Sent By Job
	0  -  Total Bytes Received By Job
	Partitionable Resources :    Usage  Request Allocated
	   Cpus                 :                 1         1
	   Disk (KB)            :       10       10    835055
	   Gpus                 :                           0
	   Memory (MB)          :    10372     2686     12899
...
