001 (2700.000.000) 04/03 23:58:29 Job executing on host: <128.83.120.252:35504>
...
006 (2700.000.000) 04/03 23:58:37 Image size of job updated: 20977564
	1264  -  MemoryUsage of job (MB)
	1293800  -  ResidentSetSize of job (KB)
...
006 (2700.000.000) 04/04 00:03:37 Image size of job updated: 20979628
	2510  -  MemoryUsage of job (MB)
	2570032  -  ResidentSetSize of job (KB)
...
005 (2700.000.000) 04/04 00:04:25 Job terminated.
	(1) Normal termination (return value 0)
		Usr 0 00:06:25, Sys 0 00:00:05  -  Run Remote Usage
		Usr 0 00:00:00, Sys 0 00:00:00  -  Run Local Usage
		Usr 0 00:06:25, Sys 0 00:00:05  -  Total Remote Usage
		Usr 0 00:00:00, Sys 0 00:00:00  -  Total Local Usage
	0  -  Run Bytes Sent By Job
	0  -  Run Bytes Received By Job
	0  -  Total Bytes Sent By Job
	0  -  Total Bytes Received By Job
	Partitionable Resources :    Usage  Request Allocated
	   Cpus                 :                 1         1
	   Disk (KB)            :       10       10    471599
	   Gpus                 :                           0
	   Memory (MB)          :     2510        1      2684
...
