000 (122.000.000) 04/03 21:31:22 Job submitted from host: <128.83.144.73:46356>
...
001 (122.000.000) 04/03 21:32:25 Job executing on host: <128.83.120.212:44929>
...
006 (122.000.000) 04/03 21:32:34 Image size of job updated: 20977564
	1162  -  MemoryUsage of job (MB)
	1189760  -  ResidentSetSize of job (KB)
...
006 (122.000.000) 04/03 21:37:35 Image size of job updated: 20977564
	5677  -  MemoryUsage of job (MB)
	5813064  -  ResidentSetSize of job (KB)
...
010 (122.000.000) 04/03 21:44:21 Job was suspended.
	Number of processes actually suspended: 1
...
011 (122.000.000) 04/03 21:44:43 Job was unsuspended.
...
006 (122.000.000) 04/03 21:57:36 Image size of job updated: 20977564
	5825  -  MemoryUsage of job (MB)
	5964572  -  ResidentSetSize of job (KB)
...
006 (122.000.000) 04/03 23:37:47 Image size of job updated: 20979628
	5825  -  MemoryUsage of job (MB)
	5964572  -  ResidentSetSize of job (KB)
...
005 (122.000.000) 04/03 23:57:30 Job terminated.
	(1) Normal termination (return value 0)
		Usr 0 02:21:59, Sys 0 00:02:51  -  Run Remote Usage
		Usr 0 00:00:00, Sys 0 00:00:00  -  Run Local Usage
		Usr 0 02:21:59, Sys 0 00:02:51  -  Total Remote Usage
		Usr 0 00:00:00, Sys 0 00:00:00  -  Total Local Usage
	0  -  Run Bytes Sent By Job
	0  -  Run Bytes Received By Job
	0  -  Total Bytes Sent By Job
	0  -  Total Bytes Received By Job
	Partitionable Resources :    Usage  Request Allocated
	   Cpus                 :                 1         1
	   Disk (KB)            :       10       10    473523
	   Gpus                 :                           0
	   Memory (MB)          :     5825        1      2684
...
001 (2710.000.000) 04/03 23:59:41 Job executing on host: <128.83.144.112:49391>
...
006 (2710.000.000) 04/03 23:59:50 Image size of job updated: 37384400
	4395  -  MemoryUsage of job (MB)
	4500000  -  ResidentSetSize of job (KB)
...
006 (2710.000.000) 04/04 00:04:51 Image size of job updated: 37384400
	10588  -  MemoryUsage of job (MB)
	10841516  -  ResidentSetSize of job (KB)
...
010 (2710.000.000) 04/04 00:44:06 Job was suspended.
	Number of processes actually suspended: 1
...
011 (2710.000.000) 04/04 00:45:39 Job was unsuspended.
...
010 (2710.000.000) 04/04 01:03:37 Job was suspended.
	Number of processes actually suspended: 1
...
011 (2710.000.000) 04/04 01:04:30 Job was unsuspended.
...
