000 (115.000.000) 04/03 21:31:22 Job submitted from host: <128.83.144.73:46356>
...
007 (115.000.000) 04/03 21:31:43 Shadow exception!
	Can no longer talk to condor_starter <128.83.130.161:34242>
	0  -  Run Bytes Sent By Job
	0  -  Run Bytes Received By Job
...
007 (115.000.000) 04/03 21:31:43 Shadow exception!
	Can no longer talk to condor_starter <128.83.130.161:34242>
	0  -  Run Bytes Sent By Job
	0  -  Run Bytes Received By Job
...
007 (115.000.000) 04/03 21:31:43 Shadow exception!
	Can no longer talk to condor_starter <128.83.130.161:34242>
	0  -  Run Bytes Sent By Job
	0  -  Run Bytes Received By Job
...
007 (115.000.000) 04/03 21:31:44 Shadow exception!
	Can no longer talk to condor_starter <128.83.130.161:34242>
	0  -  Run Bytes Sent By Job
	0  -  Run Bytes Received By Job
...
001 (115.000.000) 04/03 21:32:25 Job executing on host: <128.83.120.212:44929>
...
006 (115.000.000) 04/03 21:32:34 Image size of job updated: 20977564
	1124  -  MemoryUsage of job (MB)
	1150864  -  ResidentSetSize of job (KB)
...
006 (115.000.000) 04/03 21:37:35 Image size of job updated: 20977564
	5691  -  MemoryUsage of job (MB)
	5827084  -  ResidentSetSize of job (KB)
...
010 (115.000.000) 04/03 21:44:17 Job was suspended.
	Number of processes actually suspended: 1
...
011 (115.000.000) 04/03 21:44:53 Job was unsuspended.
...
006 (115.000.000) 04/03 21:57:37 Image size of job updated: 20977564
	5785  -  MemoryUsage of job (MB)
	5923672  -  ResidentSetSize of job (KB)
...
006 (115.000.000) 04/03 22:02:37 Image size of job updated: 20977564
	5787  -  MemoryUsage of job (MB)
	5924940  -  ResidentSetSize of job (KB)
...
006 (115.000.000) 04/03 23:17:46 Image size of job updated: 20979628
	5787  -  MemoryUsage of job (MB)
	5924940  -  ResidentSetSize of job (KB)
...
005 (115.000.000) 04/03 23:30:27 Job terminated.
	(1) Normal termination (return value 0)
		Usr 0 01:53:47, Sys 0 00:01:08  -  Run Remote Usage
		Usr 0 00:00:00, Sys 0 00:00:00  -  Run Local Usage
		Usr 0 01:53:47, Sys 0 00:01:08  -  Total Remote Usage
		Usr 0 00:00:00, Sys 0 00:00:00  -  Total Local Usage
	0  -  Run Bytes Sent By Job
	0  -  Run Bytes Received By Job
	0  -  Total Bytes Sent By Job
	0  -  Total Bytes Received By Job
	Partitionable Resources :    Usage  Request Allocated
	   Cpus                 :                 1         1
	   Disk (KB)            :       10       10    473523
	   Gpus                 :                           0
	   Memory (MB)          :     5787        1      2684
...
001 (2703.000.000) 04/03 23:59:41 Job executing on host: <128.83.139.187:39761>
...
006 (2703.000.000) 04/03 23:59:49 Image size of job updated: 11190156
	574  -  MemoryUsage of job (MB)
	586792  -  ResidentSetSize of job (KB)
...
010 (2703.000.000) 04/04 00:02:13 Job was suspended.
	Number of processes actually suspended: 1
...
006 (2703.000.000) 04/04 00:02:13 Image size of job updated: 11190156
	3153  -  MemoryUsage of job (MB)
	3228184  -  ResidentSetSize of job (KB)
...
011 (2703.000.000) 04/04 00:03:43 Job was unsuspended.
...
006 (2703.000.000) 04/04 00:19:50 Image size of job updated: 11190156
	3194  -  MemoryUsage of job (MB)
	3270484  -  ResidentSetSize of job (KB)
...
010 (2703.000.000) 04/04 00:19:50 Job was suspended.
	Number of processes actually suspended: 1
...
011 (2703.000.000) 04/04 00:29:54 Job was unsuspended.
...
004 (2703.000.000) 04/04 00:29:54 Job was evicted.
	(0) Job was not checkpointed.
		Usr 0 00:19:24, Sys 0 00:00:07  -  Run Remote Usage
		Usr 0 00:00:00, Sys 0 00:00:00  -  Run Local Usage
	0  -  Run Bytes Sent By Job
	0  -  Run Bytes Received By Job
	Partitionable Resources :    Usage  Request Allocated
	   Cpus                 :                 1         1
	   Disk (KB)            :       10       10    802814
	   Gpus                 :                           0
	   Memory (MB)          :     3194        1      4021
...
001 (2703.000.000) 04/04 00:34:55 Job executing on host: <128.83.144.143:41634>
...
010 (2703.000.000) 04/04 00:38:57 Job was suspended.
	Number of processes actually suspended: 1
...
006 (2703.000.000) 04/04 00:38:57 Image size of job updated: 29536788
	8156  -  MemoryUsage of job (MB)
	8350792  -  ResidentSetSize of job (KB)
...
011 (2703.000.000) 04/04 00:39:33 Job was unsuspended.
...
006 (2703.000.000) 04/04 00:40:03 Image size of job updated: 29536788
	8156  -  MemoryUsage of job (MB)
	8350880  -  ResidentSetSize of job (KB)
...
010 (2703.000.000) 04/04 00:43:20 Job was suspended.
	Number of processes actually suspended: 1
...
006 (2703.000.000) 04/04 00:43:20 Image size of job updated: 29536788
	8359  -  MemoryUsage of job (MB)
	8559084  -  ResidentSetSize of job (KB)
...
011 (2703.000.000) 04/04 00:47:07 Job was unsuspended.
...
006 (2703.000.000) 04/04 00:50:04 Image size of job updated: 29536788
	8371  -  MemoryUsage of job (MB)
	8571688  -  ResidentSetSize of job (KB)
...
010 (2703.000.000) 04/04 00:50:53 Job was suspended.
	Number of processes actually suspended: 1
...
006 (2703.000.000) 04/04 00:50:53 Image size of job updated: 29536788
	8388  -  MemoryUsage of job (MB)
	8588964  -  ResidentSetSize of job (KB)
...
011 (2703.000.000) 04/04 01:00:58 Job was unsuspended.
...
004 (2703.000.000) 04/04 01:00:58 Job was evicted.
	(0) Job was not checkpointed.
		Usr 0 00:12:01, Sys 0 00:00:10  -  Run Remote Usage
		Usr 0 00:00:00, Sys 0 00:00:00  -  Run Local Usage
	0  -  Run Bytes Sent By Job
	0  -  Run Bytes Received By Job
	Partitionable Resources :    Usage  Request Allocated
	   Cpus                 :                 1         1
	   Disk (KB)            :       10       10   8861861
	   Gpus                 :                           0
	   Memory (MB)          :     8388     3418      4028
...
001 (2703.000.000) 04/04 01:05:07 Job executing on host: <128.83.144.5:52290>
...
006 (2703.000.000) 04/04 01:10:15 Image size of job updated: 37384400
	9766  -  MemoryUsage of job (MB)
	10000000  -  ResidentSetSize of job (KB)
...
006 (2703.000.000) 04/04 01:15:16 Image size of job updated: 37384400
	10542  -  MemoryUsage of job (MB)
	10794704  -  ResidentSetSize of job (KB)
...
006 (2703.000.000) 04/04 01:20:16 Image size of job updated: 37384400
	10588  -  MemoryUsage of job (MB)
	10841840  -  ResidentSetSize of job (KB)
...
