001 (2702.000.000) 04/03 23:59:41 Job executing on host: <128.83.144.5:52290>
...
006 (2702.000.000) 04/03 23:59:50 Image size of job updated: 10
	2  -  MemoryUsage of job (MB)
	2000  -  ResidentSetSize of job (KB)
...
006 (2702.000.000) 04/04 00:04:51 Image size of job updated: 37386464
	2921  -  MemoryUsage of job (MB)
	2990332  -  ResidentSetSize of job (KB)
...
006 (2702.000.000) 04/04 00:09:52 Image size of job updated: 37386464
	3732  -  MemoryUsage of job (MB)
	3820984  -  ResidentSetSize of job (KB)
...
006 (2702.000.000) 04/04 00:14:52 Image size of job updated: 37386464
	4052  -  MemoryUsage of job (MB)
	4148668  -  ResidentSetSize of job (KB)
...
006 (2702.000.000) 04/04 00:19:53 Image size of job updated: 37386464
	4326  -  MemoryUsage of job (MB)
	4429244  -  ResidentSetSize of job (KB)
...
006 (2702.000.000) 04/04 00:24:54 Image size of job updated: 37386464
	4895  -  MemoryUsage of job (MB)
	5011628  -  ResidentSetSize of job (KB)
...
005 (2702.000.000) 04/04 00:26:20 Job terminated.
	(1) Normal termination (return value 0)
		Usr 0 00:27:31, Sys 0 00:00:09  -  Run Remote Usage
		Usr 0 00:00:00, Sys 0 00:00:00  -  Run Local Usage
		Usr 0 00:27:31, Sys 0 00:00:09  -  Total Remote Usage
		Usr 0 00:00:00, Sys 0 00:00:00  -  Total Local Usage
	0  -  Run Bytes Sent By Job
	0  -  Run Bytes Received By Job
	0  -  Total Bytes Sent By Job
	0  -  Total Bytes Received By Job
	Partitionable Resources :    Usage  Request Allocated
	   Cpus                 :                 1         1
	   Disk (KB)            :       10       10    835055
	   Gpus                 :                           0
	   Memory (MB)          :     4895        1     12899
...
