000 (124.000.000) 04/03 21:31:23 Job submitted from host: <128.83.144.73:46356>
...
001 (124.000.000) 04/03 21:32:25 Job executing on host: <128.83.120.18:36561>
...
006 (124.000.000) 04/03 21:32:33 Image size of job updated: 29536788
	1026  -  MemoryUsage of job (MB)
	1049776  -  ResidentSetSize of job (KB)
...
010 (124.000.000) 04/03 21:35:55 Job was suspended.
	Number of processes actually suspended: 1
...
006 (124.000.000) 04/03 21:35:55 Image size of job updated: 29536788
	8484  -  MemoryUsage of job (MB)
	8687320  -  ResidentSetSize of job (KB)
...
011 (124.000.000) 04/03 21:36:31 Job was unsuspended.
...
010 (124.000.000) 04/03 21:49:15 Job was suspended.
	Number of processes actually suspended: 1
...
011 (124.000.000) 04/03 21:51:12 Job was unsuspended.
...
010 (124.000.000) 04/03 22:17:08 Job was suspended.
	Number of processes actually suspended: 1
...
011 (124.000.000) 04/03 22:17:24 Job was unsuspended.
...
010 (124.000.000) 04/03 22:26:35 Job was suspended.
	Number of processes actually suspended: 1
...
011 (124.000.000) 04/03 22:36:40 Job was unsuspended.
...
004 (124.000.000) 04/03 22:36:40 Job was evicted.
	(0) Job was not checkpointed.
		Usr 0 00:54:21, Sys 0 00:01:01  -  Run Remote Usage
		Usr 0 00:00:00, Sys 0 00:00:00  -  Run Local Usage
	0  -  Run Bytes Sent By Job
	0  -  Run Bytes Received By Job
	Partitionable Resources :    Usage  Request Allocated
	   Cpus                 :                 1         1
	   Disk (KB)            :       10       10   8863346
	   Gpus                 :                           0
	   Memory (MB)          :     8484        1      4028
...
001 (124.000.000) 04/03 22:38:28 Job executing on host: <128.83.120.228:39477>
...
006 (124.000.000) 04/03 22:43:36 Image size of job updated: 37384400
	10570  -  MemoryUsage of job (MB)
	10823232  -  ResidentSetSize of job (KB)
...
001 (2712.000.000) 04/03 23:59:42 Job executing on host: <128.83.144.112:49391>
...
006 (2712.000.000) 04/04 00:04:50 Image size of job updated: 37384400
	10514  -  MemoryUsage of job (MB)
	10766204  -  ResidentSetSize of job (KB)
...
010 (2712.000.000) 04/04 00:43:56 Job was suspended.
	Number of processes actually suspended: 1
...
010 (124.000.000) 04/04 00:44:00 Job was suspended.
	Number of processes actually suspended: 1
...
011 (124.000.000) 04/04 00:46:27 Job was unsuspended.
...
011 (2712.000.000) 04/04 00:46:36 Job was unsuspended.
...
010 (2712.000.000) 04/04 00:58:25 Job was suspended.
	Number of processes actually suspended: 1
...
006 (124.000.000) 04/04 00:58:49 Image size of job updated: 37386464
	10570  -  MemoryUsage of job (MB)
	10823232  -  ResidentSetSize of job (KB)
...
010 (124.000.000) 04/04 01:01:35 Job was suspended.
	Number of processes actually suspended: 1
...
011 (124.000.000) 04/04 01:05:00 Job was unsuspended.
...
011 (2712.000.000) 04/04 01:05:23 Job was unsuspended.
...
005 (124.000.000) 04/04 01:31:58 Job terminated.
	(1) Normal termination (return value 0)
		Usr 0 02:56:09, Sys 0 00:02:13  -  Run Remote Usage
		Usr 0 00:00:00, Sys 0 00:00:00  -  Run Local Usage
		Usr 0 02:56:09, Sys 0 00:02:13  -  Total Remote Usage
		Usr 0 00:00:00, Sys 0 00:00:00  -  Total Local Usage
	0  -  Run Bytes Sent By Job
	0  -  Run Bytes Received By Job
	0  -  Total Bytes Sent By Job
	0  -  Total Bytes Received By Job
	Partitionable Resources :    Usage  Request Allocated
	   Cpus                 :                 1         1
	   Disk (KB)            :       10       10    835058
	   Gpus                 :                           0
	   Memory (MB)          :    10570     9766     12899
...
