000 (116.000.000) 04/03 21:31:22 Job submitted from host: <128.83.144.73:46356>
...
007 (116.000.000) 04/03 21:31:43 Shadow exception!
	Can no longer talk to condor_starter <128.83.130.161:34242>
	0  -  Run Bytes Sent By Job
	0  -  Run Bytes Received By Job
...
001 (116.000.000) 04/03 21:32:25 Job executing on host: <128.83.120.212:44929>
...
006 (116.000.000) 04/03 21:32:34 Image size of job updated: 20977564
	657  -  MemoryUsage of job (MB)
	672640  -  ResidentSetSize of job (KB)
...
006 (116.000.000) 04/03 21:37:35 Image size of job updated: 20977564
	5749  -  MemoryUsage of job (MB)
	5886728  -  ResidentSetSize of job (KB)
...
006 (116.000.000) 04/03 21:52:37 Image size of job updated: 20977564
	5811  -  MemoryUsage of job (MB)
	5949692  -  ResidentSetSize of job (KB)
...
006 (116.000.000) 04/03 21:57:38 Image size of job updated: 20977564
	5815  -  MemoryUsage of job (MB)
	5953864  -  ResidentSetSize of job (KB)
...
006 (116.000.000) 04/03 23:47:50 Image size of job updated: 20979628
	5815  -  MemoryUsage of job (MB)
	5953864  -  ResidentSetSize of job (KB)
...
005 (116.000.000) 04/03 23:57:31 Job terminated.
	(1) Normal termination (return value 0)
		Usr 0 02:23:27, Sys 0 00:01:41  -  Run Remote Usage
		Usr 0 00:00:00, Sys 0 00:00:00  -  Run Local Usage
		Usr 0 02:23:27, Sys 0 00:01:41  -  Total Remote Usage
		Usr 0 00:00:00, Sys 0 00:00:00  -  Total Local Usage
	0  -  Run Bytes Sent By Job
	0  -  Run Bytes Received By Job
	0  -  Total Bytes Sent By Job
	0  -  Total Bytes Received By Job
	Partitionable Resources :    Usage  Request Allocated
	   Cpus                 :                 1         1
	   Disk (KB)            :       10       10    473523
	   Gpus                 :                           0
	   Memory (MB)          :     5815        1      2684
...
001 (2704.000.000) 04/03 23:59:41 Job executing on host: <128.83.144.112:49391>
...
006 (2704.000.000) 04/03 23:59:50 Image size of job updated: 37384400
	53  -  MemoryUsage of job (MB)
	53980  -  ResidentSetSize of job (KB)
...
006 (2704.000.000) 04/04 00:04:51 Image size of job updated: 37384400
	7144  -  MemoryUsage of job (MB)
	7315052  -  ResidentSetSize of job (KB)
...
006 (2704.000.000) 04/04 00:09:51 Image size of job updated: 37384400
	10525  -  MemoryUsage of job (MB)
	10776760  -  ResidentSetSize of job (KB)
...
006 (2704.000.000) 04/04 00:14:52 Image size of job updated: 37384400
	10525  -  MemoryUsage of job (MB)
	10777140  -  ResidentSetSize of job (KB)
...
010 (2704.000.000) 04/04 00:44:06 Job was suspended.
	Number of processes actually suspended: 1
...
011 (2704.000.000) 04/04 00:45:09 Job was unsuspended.
...
