000 (117.000.000) 04/03 21:31:22 Job submitted from host: <128.83.144.73:46356>
...
001 (117.000.000) 04/03 21:32:25 Job executing on host: <128.83.120.212:44929>
...
006 (117.000.000) 04/03 21:32:34 Image size of job updated: 20977564
	762  -  MemoryUsage of job (MB)
	779804  -  ResidentSetSize of job (KB)
...
006 (117.000.000) 04/03 21:37:35 Image size of job updated: 20977564
	5757  -  MemoryUsage of job (MB)
	5894588  -  ResidentSetSize of job (KB)
...
006 (117.000.000) 04/03 21:47:36 Image size of job updated: 20977564
	5797  -  MemoryUsage of job (MB)
	5935240  -  ResidentSetSize of job (KB)
...
006 (117.000.000) 04/03 23:32:47 Image size of job updated: 20979628
	5797  -  MemoryUsage of job (MB)
	5935240  -  ResidentSetSize of job (KB)
...
005 (117.000.000) 04/03 23:43:10 Job terminated.
	(1) Normal termination (return value 0)
		Usr 0 02:13:57, Sys 0 00:01:19  -  Run Remote Usage
		Usr 0 00:00:00, Sys 0 00:00:00  -  Run Local Usage
		Usr 0 02:13:57, Sys 0 00:01:19  -  Total Remote Usage
		Usr 0 00:00:00, Sys 0 00:00:00  -  Total Local Usage
	0  -  Run Bytes Sent By Job
	0  -  Run Bytes Received By Job
	0  -  Total Bytes Sent By Job
	0  -  Total Bytes Received By Job
	Partitionable Resources :    Usage  Request Allocated
	   Cpus                 :                 1         1
	   Disk (KB)            :       10       10    473523
	   Gpus                 :                           0
	   Memory (MB)          :     5797        1      2684
...
001 (2705.000.000) 04/03 23:58:29 Job executing on host: <128.83.120.231:52174>
...
006 (2705.000.000) 04/03 23:58:37 Image size of job updated: 37384400
	4151  -  MemoryUsage of job (MB)
	4250000  -  ResidentSetSize of job (KB)
...
006 (2705.000.000) 04/04 00:03:37 Image size of job updated: 37384400
	8760  -  MemoryUsage of job (MB)
	8969240  -  ResidentSetSize of job (KB)
...
006 (2705.000.000) 04/04 00:08:38 Image size of job updated: 37384400
	10453  -  MemoryUsage of job (MB)
	10703136  -  ResidentSetSize of job (KB)
...
006 (2705.000.000) 04/04 00:13:38 Image size of job updated: 37384400
	10463  -  MemoryUsage of job (MB)
	10713420  -  ResidentSetSize of job (KB)
...
006 (2705.000.000) 04/04 00:18:38 Image size of job updated: 37384400
	10479  -  MemoryUsage of job (MB)
	10729784  -  ResidentSetSize of job (KB)
...
006 (2705.000.000) 04/04 00:23:39 Image size of job updated: 37384400
	10514  -  MemoryUsage of job (MB)
	10766100  -  ResidentSetSize of job (KB)
...
