000 (118.000.000) 04/03 21:31:22 Job submitted from host: <128.83.144.73:46356>
...
001 (118.000.000) 04/03 21:31:43 Job executing on host: <128.83.139.239:48220>
...
006 (118.000.000) 04/03 21:31:51 Image size of job updated: 11190156
	187  -  MemoryUsage of job (MB)
	191336  -  ResidentSetSize of job (KB)
...
006 (118.000.000) 04/03 21:36:51 Image size of job updated: 11190156
	3178  -  MemoryUsage of job (MB)
	3253312  -  ResidentSetSize of job (KB)
...
006 (118.000.000) 04/03 21:46:53 Image size of job updated: 11190156
	3217  -  MemoryUsage of job (MB)
	3293428  -  ResidentSetSize of job (KB)
...
006 (118.000.000) 04/03 21:51:53 Image size of job updated: 11190156
	3253  -  MemoryUsage of job (MB)
	3330144  -  ResidentSetSize of job (KB)
...
006 (118.000.000) 04/03 21:56:53 Image size of job updated: 11190156
	3262  -  MemoryUsage of job (MB)
	3339904  -  ResidentSetSize of job (KB)
...
006 (118.000.000) 04/03 22:01:54 Image size of job updated: 11190156
	3306  -  MemoryUsage of job (MB)
	3385076  -  ResidentSetSize of job (KB)
...
006 (118.000.000) 04/03 22:11:55 Image size of job updated: 11190156
	3342  -  MemoryUsage of job (MB)
	3421724  -  ResidentSetSize of job (KB)
...
006 (118.000.000) 04/03 22:16:55 Image size of job updated: 11190156
	3360  -  MemoryUsage of job (MB)
	3439984  -  ResidentSetSize of job (KB)
...
006 (118.000.000) 04/03 22:21:56 Image size of job updated: 11190156
	3374  -  MemoryUsage of job (MB)
	3454320  -  ResidentSetSize of job (KB)
...
006 (118.000.000) 04/03 22:26:57 Image size of job updated: 11190156
	3406  -  MemoryUsage of job (MB)
	3487280  -  ResidentSetSize of job (KB)
...
006 (118.000.000) 04/03 22:31:58 Image size of job updated: 11190156
	3430  -  MemoryUsage of job (MB)
	3511448  -  ResidentSetSize of job (KB)
...
006 (118.000.000) 04/03 22:36:58 Image size of job updated: 11190156
	3448  -  MemoryUsage of job (MB)
	3529880  -  ResidentSetSize of job (KB)
...
006 (118.000.000) 04/03 22:41:58 Image size of job updated: 11190156
	3460  -  MemoryUsage of job (MB)
	3542164  -  ResidentSetSize of job (KB)
...
006 (118.000.000) 04/03 22:46:59 Image size of job updated: 11190156
	3473  -  MemoryUsage of job (MB)
	3556160  -  ResidentSetSize of job (KB)
...
006 (118.000.000) 04/03 22:51:59 Image size of job updated: 11190156
	3485  -  MemoryUsage of job (MB)
	3567688  -  ResidentSetSize of job (KB)
...
006 (118.000.000) 04/03 22:56:59 Image size of job updated: 11190156
	3485  -  MemoryUsage of job (MB)
	3568508  -  ResidentSetSize of job (KB)
...
006 (118.000.000) 04/03 23:22:01 Image size of job updated: 11190156
	3602  -  MemoryUsage of job (MB)
	3687896  -  ResidentSetSize of job (KB)
...
006 (118.000.000) 04/03 23:32:03 Image size of job updated: 11190156
	3617  -  MemoryUsage of job (MB)
	3703328  -  ResidentSetSize of job (KB)
...
006 (118.000.000) 04/03 23:37:04 Image size of job updated: 11190156
	3629  -  MemoryUsage of job (MB)
	3715620  -  ResidentSetSize of job (KB)
...
006 (118.000.000) 04/03 23:42:04 Image size of job updated: 11190156
	3641  -  MemoryUsage of job (MB)
	3728020  -  ResidentSetSize of job (KB)
...
006 (118.000.000) 04/03 23:47:04 Image size of job updated: 11192220
	4156  -  MemoryUsage of job (MB)
	4254820  -  ResidentSetSize of job (KB)
...
006 (118.000.000) 04/03 23:57:06 Image size of job updated: 11192220
	4156  -  MemoryUsage of job (MB)
	4255000  -  ResidentSetSize of job (KB)
...
001 (2706.000.000) 04/03 23:58:29 Job executing on host: <128.83.144.5:52290>
...
006 (2706.000.000) 04/03 23:58:38 Image size of job updated: 37384400
	7325  -  MemoryUsage of job (MB)
	7500000  -  ResidentSetSize of job (KB)
...
006 (118.000.000) 04/04 00:02:06 Image size of job updated: 11192220
	4158  -  MemoryUsage of job (MB)
	4256944  -  ResidentSetSize of job (KB)
...
006 (2706.000.000) 04/04 00:03:39 Image size of job updated: 37384400
	8797  -  MemoryUsage of job (MB)
	9007940  -  ResidentSetSize of job (KB)
...
006 (2706.000.000) 04/04 00:08:39 Image size of job updated: 37384400
	8958  -  MemoryUsage of job (MB)
	9172000  -  ResidentSetSize of job (KB)
...
006 (2706.000.000) 04/04 00:13:39 Image size of job updated: 37384400
	10550  -  MemoryUsage of job (MB)
	10802224  -  ResidentSetSize of job (KB)
...
005 (118.000.000) 04/04 00:15:05 Job terminated.
	(1) Normal termination (return value 0)
		Usr 0 02:45:16, Sys 0 00:00:41  -  Run Remote Usage
		Usr 0 00:00:00, Sys 0 00:00:00  -  Run Local Usage
		Usr 0 02:45:16, Sys 0 00:00:41  -  Total Remote Usage
		Usr 0 00:00:00, Sys 0 00:00:00  -  Total Local Usage
	0  -  Run Bytes Sent By Job
	0  -  Run Bytes Received By Job
	0  -  Total Bytes Sent By Job
	0  -  Total Bytes Received By Job
	Partitionable Resources :    Usage  Request Allocated
	   Cpus                 :                 1         1
	   Disk (KB)            :       10       10    802825
	   Gpus                 :                           0
	   Memory (MB)          :     4158        1      4021
...
006 (2706.000.000) 04/04 00:18:40 Image size of job updated: 37384400
	10556  -  MemoryUsage of job (MB)
	10808400  -  ResidentSetSize of job (KB)
...
006 (2706.000.000) 04/04 00:23:40 Image size of job updated: 37384400
	10584  -  MemoryUsage of job (MB)
	10837076  -  ResidentSetSize of job (KB)
...
