000 (120.000.000) 04/03 21:31:22 Job submitted from host: <128.83.144.73:46356>
...
001 (120.000.000) 04/03 21:32:25 Job executing on host: <128.83.120.212:44929>
...
006 (120.000.000) 04/03 21:32:34 Image size of job updated: 20977564
	1166  -  MemoryUsage of job (MB)
	1193148  -  ResidentSetSize of job (KB)
...
006 (120.000.000) 04/03 21:37:35 Image size of job updated: 20977564
	5806  -  MemoryUsage of job (MB)
	5944676  -  ResidentSetSize of job (KB)
...
006 (120.000.000) 04/03 23:22:48 Image size of job updated: 20979628
	5806  -  MemoryUsage of job (MB)
	5944676  -  ResidentSetSize of job (KB)
...
005 (120.000.000) 04/03 23:38:48 Job terminated.
	(1) Normal termination (return value 0)
		Usr 0 02:09:03, Sys 0 00:01:21  -  Run Remote Usage
		Usr 0 00:00:00, Sys 0 00:00:00  -  Run Local Usage
		Usr 0 02:09:03, Sys 0 00:01:21  -  Total Remote Usage
		Usr 0 00:00:00, Sys 0 00:00:00  -  Total Local Usage
	0  -  Run Bytes Sent By Job
	0  -  Run Bytes Received By Job
	0  -  Total Bytes Sent By Job
	0  -  Total Bytes Received By Job
	Partitionable Resources :    Usage  Request Allocated
	   Cpus                 :                 1         1
	   Disk (KB)            :       10       10    473523
	   Gpus                 :                           0
	   Memory (MB)          :     5806        1      2684
...
001 (2708.000.000) 04/03 23:59:41 Job executing on host: <128.83.144.112:49391>
...
006 (2708.000.000) 04/03 23:59:50 Image size of job updated: 37384400
	4639  -  MemoryUsage of job (MB)
	4750000  -  ResidentSetSize of job (KB)
...
006 (2708.000.000) 04/04 00:04:51 Image size of job updated: 37384400
	10539  -  MemoryUsage of job (MB)
	10791632  -  ResidentSetSize of job (KB)
...
006 (2708.000.000) 04/04 00:09:51 Image size of job updated: 37384400
	10558  -  MemoryUsage of job (MB)
	10811116  -  ResidentSetSize of job (KB)
...
010 (2708.000.000) 04/04 00:44:06 Job was suspended.
	Number of processes actually suspended: 1
...
011 (2708.000.000) 04/04 00:45:29 Job was unsuspended.
...
010 (2708.000.000) 04/04 01:03:53 Job was suspended.
	Number of processes actually suspended: 1
...
011 (2708.000.000) 04/04 01:04:19 Job was unsuspended.
...
