000 (049.000.000) 04/03 21:49:06 Job submitted from host: <128.83.144.63:58310>
...
001 (049.000.000) 04/03 21:50:32 Job executing on host: <128.83.144.166:40465>
...
006 (049.000.000) 04/03 21:50:41 Image size of job updated: 10
	2  -  MemoryUsage of job (MB)
	2012  -  ResidentSetSize of job (KB)
...
010 (049.000.000) 04/03 21:52:51 Job was suspended.
	Number of processes actually suspended: 1
...
006 (049.000.000) 04/03 21:52:51 Image size of job updated: 29536788
	5344  -  MemoryUsage of job (MB)
	5471844  -  ResidentSetSize of job (KB)
...
011 (049.000.000) 04/03 22:02:55 Job was unsuspended.
...
004 (049.000.000) 04/03 22:02:55 Job was evicted.
	(0) Job was not checkpointed.
		Usr 0 00:02:44, Sys 0 00:00:06  -  Run Remote Usage
		Usr 0 00:00:00, Sys 0 00:00:00  -  Run Local Usage
	0  -  Run Bytes Sent By Job
	0  -  Run Bytes Received By Job
	Partitionable Resources :    Usage  Request Allocated
	   Cpus                 :                 1         1
	   Disk (KB)            :       10       10   8863352
	   Gpus                 :                           0
	   Memory (MB)          :     5344        1      4028
...
001 (049.000.000) 04/03 22:08:33 Job executing on host: <128.83.120.228:39477>
...
006 (049.000.000) 04/03 22:08:42 Image size of job updated: 37384400
	7325  -  MemoryUsage of job (MB)
	7500000  -  ResidentSetSize of job (KB)
...
006 (049.000.000) 04/03 22:18:44 Image size of job updated: 37384400
	10526  -  MemoryUsage of job (MB)
	10778100  -  ResidentSetSize of job (KB)
...
006 (049.000.000) 04/03 23:03:48 Image size of job updated: 37386464
	10526  -  MemoryUsage of job (MB)
	10778100  -  ResidentSetSize of job (KB)
...
005 (049.000.000) 04/03 23:20:05 Job terminated.
	(1) Normal termination (return value 0)
		Usr 0 01:13:58, Sys 0 00:00:22  -  Run Remote Usage
		Usr 0 00:00:00, Sys 0 00:00:00  -  Run Local Usage
		Usr 0 01:13:58, Sys 0 00:00:22  -  Total Remote Usage
		Usr 0 00:00:00, Sys 0 00:00:00  -  Total Local Usage
	0  -  Run Bytes Sent By Job
	0  -  Run Bytes Received By Job
	0  -  Total Bytes Sent By Job
	0  -  Total Bytes Received By Job
	Partitionable Resources :    Usage  Request Allocated
	   Cpus                 :                 1         1
	   Disk (KB)            :       10       10    835060
	   Gpus                 :                           0
	   Memory (MB)          :    10526     7325     12899
...
