000 (040.000.000) 04/03 21:49:06 Job submitted from host: <128.83.144.63:58310>
...
001 (040.000.000) 04/03 21:50:32 Job executing on host: <128.83.144.143:41634>
...
006 (040.000.000) 04/03 21:50:40 Image size of job updated: 10
	2  -  MemoryUsage of job (MB)
	2012  -  ResidentSetSize of job (KB)
...
010 (040.000.000) 04/03 21:55:26 Job was suspended.
	Number of processes actually suspended: 1
...
006 (040.000.000) 04/03 21:55:26 Image size of job updated: 29538852
	8146  -  MemoryUsage of job (MB)
	8341212  -  ResidentSetSize of job (KB)
...
011 (040.000.000) 04/03 21:58:49 Job was unsuspended.
...
006 (040.000.000) 04/03 22:00:40 Image size of job updated: 29538852
	8151  -  MemoryUsage of job (MB)
	8346616  -  ResidentSetSize of job (KB)
...
005 (040.000.000) 04/03 22:07:54 Job terminated.
	(1) Normal termination (return value 0)
		Usr 0 00:14:32, Sys 0 00:00:09  -  Run Remote Usage
		Usr 0 00:00:00, Sys 0 00:00:00  -  Run Local Usage
		Usr 0 00:14:32, Sys 0 00:00:09  -  Total Remote Usage
		Usr 0 00:00:00, Sys 0 00:00:00  -  Total Local Usage
	0  -  Run Bytes Sent By Job
	0  -  Run Bytes Received By Job
	0  -  Total Bytes Sent By Job
	0  -  Total Bytes Received By Job
	Partitionable Resources :    Usage  Request Allocated
	   Cpus                 :                 1         1
	   Disk (KB)            :       10       10   8861545
	   Gpus                 :                           0
	   Memory (MB)          :     8151        1      4028
...
