000 (047.000.000) 04/03 21:49:06 Job submitted from host: <128.83.144.63:58310>
...
001 (047.000.000) 04/03 21:50:32 Job executing on host: <128.83.120.128:41352>
...
006 (047.000.000) 04/03 21:50:41 Image size of job updated: 37384400
	2166  -  MemoryUsage of job (MB)
	2217508  -  ResidentSetSize of job (KB)
...
010 (047.000.000) 04/03 21:52:05 Job was suspended.
	Number of processes actually suspended: 1
...
006 (047.000.000) 04/03 21:52:05 Image size of job updated: 37384400
	6728  -  MemoryUsage of job (MB)
	6889344  -  ResidentSetSize of job (KB)
...
011 (047.000.000) 04/03 22:02:08 Job was unsuspended.
...
004 (047.000.000) 04/03 22:02:08 Job was evicted.
	(0) Job was not checkpointed.
		Usr 0 00:01:59, Sys 0 00:00:06  -  Run Remote Usage
		Usr 0 00:00:00, Sys 0 00:00:00  -  Run Local Usage
	0  -  Run Bytes Sent By Job
	0  -  Run Bytes Received By Job
	Partitionable Resources :    Usage  Request Allocated
	   Cpus                 :                 1         1
	   Disk (KB)            :       10       10    835049
	   Gpus                 :                           0
	   Memory (MB)          :     6728        1     12899
...
001 (047.000.000) 04/03 22:08:33 Job executing on host: <128.83.120.228:39477>
...
006 (047.000.000) 04/03 22:18:42 Image size of job updated: 37500000
	10376  -  MemoryUsage of job (MB)
	10624312  -  ResidentSetSize of job (KB)
...
005 (047.000.000) 04/03 23:06:06 Job terminated.
	(1) Normal termination (return value 0)
		Usr 0 00:59:13, Sys 0 00:00:22  -  Run Remote Usage
		Usr 0 00:00:00, Sys 0 00:00:00  -  Run Local Usage
		Usr 0 00:59:13, Sys 0 00:00:22  -  Total Remote Usage
		Usr 0 00:00:00, Sys 0 00:00:00  -  Total Local Usage
	0  -  Run Bytes Sent By Job
	0  -  Run Bytes Received By Job
	0  -  Total Bytes Sent By Job
	0  -  Total Bytes Received By Job
	Partitionable Resources :    Usage  Request Allocated
	   Cpus                 :                 1         1
	   Disk (KB)            :       10       10    835059
	   Gpus                 :                           0
	   Memory (MB)          :    10376     7325     12899
...
