000 (046.000.000) 04/03 21:49:06 Job submitted from host: <128.83.144.63:58310>
...
001 (046.000.000) 04/03 21:50:32 Job executing on host: <128.83.120.128:41352>
...
006 (046.000.000) 04/03 21:50:41 Image size of job updated: 37384400
	2160  -  MemoryUsage of job (MB)
	2211528  -  ResidentSetSize of job (KB)
...
010 (046.000.000) 04/03 21:54:02 Job was suspended.
	Number of processes actually suspended: 1
...
006 (046.000.000) 04/03 21:54:02 Image size of job updated: 37384400
	6985  -  MemoryUsage of job (MB)
	7152524  -  ResidentSetSize of job (KB)
...
011 (046.000.000) 04/03 22:04:05 Job was unsuspended.
...
004 (046.000.000) 04/03 22:04:05 Job was evicted.
	(0) Job was not checkpointed.
		Usr 0 00:03:52, Sys 0 00:00:10  -  Run Remote Usage
		Usr 0 00:00:00, Sys 0 00:00:00  -  Run Local Usage
	0  -  Run Bytes Sent By Job
	0  -  Run Bytes Received By Job
	Partitionable Resources :    Usage  Request Allocated
	   Cpus                 :                 1         1
	   Disk (KB)            :       10       10    835049
	   Gpus                 :                           0
	   Memory (MB)          :     6985        1     12899
...
007 (046.000.000) 04/03 22:08:33 Shadow exception!
	Can no longer talk to condor_starter <128.83.130.161:34242>
	0  -  Run Bytes Sent By Job
	0  -  Run Bytes Received By Job
...
007 (046.000.000) 04/03 22:08:33 Shadow exception!
	Can no longer talk to condor_starter <128.83.130.161:34242>
	0  -  Run Bytes Sent By Job
	0  -  Run Bytes Received By Job
...
007 (046.000.000) 04/03 22:08:34 Shadow exception!
	Can no longer talk to condor_starter <128.83.130.161:34242>
	0  -  Run Bytes Sent By Job
	0  -  Run Bytes Received By Job
...
007 (046.000.000) 04/03 22:08:34 Shadow exception!
	Can no longer talk to condor_starter <128.83.130.161:34242>
	0  -  Run Bytes Sent By Job
	0  -  Run Bytes Received By Job
...
007 (046.000.000) 04/03 22:08:34 Shadow exception!
	Can no longer talk to condor_starter <128.83.130.161:34242>
	0  -  Run Bytes Sent By Job
	0  -  Run Bytes Received By Job
...
001 (046.000.000) 04/03 22:09:07 Job executing on host: <128.83.120.228:39477>
...
006 (046.000.000) 04/03 22:19:16 Image size of job updated: 37500000
	10506  -  MemoryUsage of job (MB)
	10757416  -  ResidentSetSize of job (KB)
...
005 (046.000.000) 04/03 23:03:10 Job terminated.
	(1) Normal termination (return value 0)
		Usr 0 00:55:06, Sys 0 00:00:19  -  Run Remote Usage
		Usr 0 00:00:00, Sys 0 00:00:00  -  Run Local Usage
		Usr 0 00:55:06, Sys 0 00:00:19  -  Total Remote Usage
		Usr 0 00:00:00, Sys 0 00:00:00  -  Total Local Usage
	0  -  Run Bytes Sent By Job
	0  -  Run Bytes Received By Job
	0  -  Total Bytes Sent By Job
	0  -  Total Bytes Received By Job
	Partitionable Resources :    Usage  Request Allocated
	   Cpus                 :                 1         1
	   Disk (KB)            :       10       10    835058
	   Gpus                 :                           0
	   Memory (MB)          :    10506     7325     12899
...
