000 (045.000.000) 04/03 21:49:06 Job submitted from host: <128.83.144.63:58310>
...
001 (045.000.000) 04/03 21:50:32 Job executing on host: <128.83.130.71:36259>
...
006 (045.000.000) 04/03 21:50:40 Image size of job updated: 10
	2  -  MemoryUsage of job (MB)
	2020  -  ResidentSetSize of job (KB)
...
006 (045.000.000) 04/03 21:55:40 Image size of job updated: 12069444
	3201  -  MemoryUsage of job (MB)
	3277296  -  ResidentSetSize of job (KB)
...
006 (045.000.000) 04/03 22:15:42 Image size of job updated: 12071508
	3201  -  MemoryUsage of job (MB)
	3277296  -  ResidentSetSize of job (KB)
...
005 (045.000.000) 04/03 22:25:01 Job terminated.
	(1) Normal termination (return value 0)
		Usr 0 00:36:14, Sys 0 00:00:28  -  Run Remote Usage
		Usr 0 00:00:00, Sys 0 00:00:00  -  Run Local Usage
		Usr 0 00:36:14, Sys 0 00:00:28  -  Total Remote Usage
		Usr 0 00:00:00, Sys 0 00:00:00  -  Total Local Usage
	0  -  Run Bytes Sent By Job
	0  -  Run Bytes Received By Job
	0  -  Total Bytes Sent By Job
	0  -  Total Bytes Received By Job
	Partitionable Resources :    Usage  Request Allocated
	   Cpus                 :                 1         1
	   Disk (KB)            :       10       10   1861850
	   Gpus                 :                           0
	   Memory (MB)          :     3201        1      2010
...
