000 (048.000.000) 04/03 21:49:06 Job submitted from host: <128.83.144.63:58310>
...
001 (048.000.000) 04/03 21:50:32 Job executing on host: <128.83.144.211:41588>
...
006 (048.000.000) 04/03 21:50:41 Image size of job updated: 10
	2  -  MemoryUsage of job (MB)
	2008  -  ResidentSetSize of job (KB)
...
006 (048.000.000) 04/03 21:55:42 Image size of job updated: 37035500
	10491  -  MemoryUsage of job (MB)
	10742052  -  ResidentSetSize of job (KB)
...
010 (048.000.000) 04/03 21:56:40 Job was suspended.
	Number of processes actually suspended: 1
...
011 (048.000.000) 04/03 22:06:44 Job was unsuspended.
...
004 (048.000.000) 04/03 22:06:44 Job was evicted.
	(0) Job was not checkpointed.
		Usr 0 00:06:30, Sys 0 00:00:06  -  Run Remote Usage
		Usr 0 00:00:00, Sys 0 00:00:00  -  Run Local Usage
	0  -  Run Bytes Sent By Job
	0  -  Run Bytes Received By Job
	Partitionable Resources :    Usage  Request Allocated
	   Cpus                 :                 1         1
	   Disk (KB)            :       10       10   7541859
	   Gpus                 :                           0
	   Memory (MB)          :    10491        1      4027
...
001 (048.000.000) 04/03 22:08:33 Job executing on host: <128.83.120.228:39477>
...
005 (048.000.000) 04/03 23:15:00 Job terminated.
	(1) Normal termination (return value 0)
		Usr 0 01:08:09, Sys 0 00:00:38  -  Run Remote Usage
		Usr 0 00:00:00, Sys 0 00:00:00  -  Run Local Usage
		Usr 0 01:08:09, Sys 0 00:00:38  -  Total Remote Usage
		Usr 0 00:00:00, Sys 0 00:00:00  -  Total Local Usage
	0  -  Run Bytes Sent By Job
	0  -  Run Bytes Received By Job
	0  -  Total Bytes Sent By Job
	0  -  Total Bytes Received By Job
	Partitionable Resources :    Usage  Request Allocated
	   Cpus                 :                 1         1
	   Disk (KB)            :       10       10    835060
	   Gpus                 :                           0
	   Memory (MB)          :    12208    12208     12899
...
