000 (2574.000.000) 03/31 03:58:29 Job submitted from host: <128.83.144.174:54071>
...
001 (2574.000.000) 03/31 03:59:06 Job executing on host: <128.83.130.151:34209>
...
006 (2574.000.000) 03/31 03:59:15 Image size of job updated: 6766572
	23  -  MemoryUsage of job (MB)
	22856  -  ResidentSetSize of job (KB)
...
010 (2574.000.000) 03/31 03:59:31 Job was suspended.
	Number of processes actually suspended: 1
...
006 (2574.000.000) 03/31 03:59:31 Image size of job updated: 6899928
	1584  -  MemoryUsage of job (MB)
	1621592  -  ResidentSetSize of job (KB)
...
011 (2574.000.000) 03/31 03:59:51 Job was unsuspended.
...
010 (2574.000.000) 03/31 03:59:56 Job was suspended.
	Number of processes actually suspended: 1
...
006 (2574.000.000) 03/31 03:59:56 Image size of job updated: 6899928
	1585  -  MemoryUsage of job (MB)
	1622344  -  ResidentSetSize of job (KB)
...
011 (2574.000.000) 03/31 04:00:11 Job was unsuspended.
...
006 (2574.000.000) 03/31 04:04:16 Image size of job updated: 6899928
	2466  -  MemoryUsage of job (MB)
	2524164  -  ResidentSetSize of job (KB)
...
010 (2574.000.000) 03/31 04:04:37 Job was suspended.
	Number of processes actually suspended: 1
...
006 (2574.000.000) 03/31 04:04:37 Image size of job updated: 6899928
	2466  -  MemoryUsage of job (MB)
	2524228  -  ResidentSetSize of job (KB)
...
011 (2574.000.000) 03/31 04:04:52 Job was unsuspended.
...
010 (2574.000.000) 03/31 04:05:12 Job was suspended.
	Number of processes actually suspended: 1
...
011 (2574.000.000) 03/31 04:05:37 Job was unsuspended.
...
006 (2574.000.000) 03/31 04:14:18 Image size of job updated: 6901992
	2466  -  MemoryUsage of job (MB)
	2524228  -  ResidentSetSize of job (KB)
...
006 (2574.000.000) 03/31 04:19:19 Image size of job updated: 6901992
	2796  -  MemoryUsage of job (MB)
	2862184  -  ResidentSetSize of job (KB)
...
006 (2574.000.000) 03/31 04:24:19 Image size of job updated: 6901992
	2796  -  MemoryUsage of job (MB)
	2862348  -  ResidentSetSize of job (KB)
...
006 (2574.000.000) 03/31 04:29:20 Image size of job updated: 6901992
	2797  -  MemoryUsage of job (MB)
	2863856  -  ResidentSetSize of job (KB)
...
006 (2574.000.000) 03/31 04:34:21 Image size of job updated: 6901992
	2821  -  MemoryUsage of job (MB)
	2887800  -  ResidentSetSize of job (KB)
...
006 (2574.000.000) 03/31 04:39:21 Image size of job updated: 6901992
	2823  -  MemoryUsage of job (MB)
	2890216  -  ResidentSetSize of job (KB)
...
006 (2574.000.000) 03/31 05:04:23 Image size of job updated: 6901992
	2955  -  MemoryUsage of job (MB)
	3024968  -  ResidentSetSize of job (KB)
...
006 (2574.000.000) 03/31 05:09:24 Image size of job updated: 6901992
	2956  -  MemoryUsage of job (MB)
	3026032  -  ResidentSetSize of job (KB)
...
006 (2574.000.000) 03/31 05:14:24 Image size of job updated: 6901992
	2991  -  MemoryUsage of job (MB)
	3062208  -  ResidentSetSize of job (KB)
...
006 (2574.000.000) 03/31 05:19:24 Image size of job updated: 6901992
	2992  -  MemoryUsage of job (MB)
	3063000  -  ResidentSetSize of job (KB)
...
006 (2574.000.000) 03/31 05:29:26 Image size of job updated: 6901992
	2992  -  MemoryUsage of job (MB)
	3063224  -  ResidentSetSize of job (KB)
...
006 (2574.000.000) 03/31 05:44:27 Image size of job updated: 6901992
	3070  -  MemoryUsage of job (MB)
	3143052  -  ResidentSetSize of job (KB)
...
005 (2574.000.000) 03/31 05:51:13 Job terminated.
	(1) Normal termination (return value 0)
		Usr 0 01:51:16, Sys 0 00:00:05  -  Run Remote Usage
		Usr 0 00:00:00, Sys 0 00:00:00  -  Run Local Usage
		Usr 0 01:51:16, Sys 0 00:00:05  -  Total Remote Usage
		Usr 0 00:00:00, Sys 0 00:00:00  -  Total Local Usage
	0  -  Run Bytes Sent By Job
	0  -  Run Bytes Received By Job
	0  -  Total Bytes Sent By Job
	0  -  Total Bytes Received By Job
	Partitionable Resources :    Usage  Request Allocated
	   Cpus                 :                 1         1
	   Disk (KB)            :       10       10    955413
	   Gpus                 :                           0
	   Memory (MB)          :     3070        1      2000
...
