000 (2579.000.000) 03/31 03:58:29 Job submitted from host: <128.83.144.174:54071>
...
001 (2579.000.000) 03/31 03:59:06 Job executing on host: <128.83.144.72:55042>
...
006 (2579.000.000) 03/31 03:59:15 Image size of job updated: 6895684
	321  -  MemoryUsage of job (MB)
	328372  -  ResidentSetSize of job (KB)
...
006 (2579.000.000) 03/31 04:04:17 Image size of job updated: 6895684
	2357  -  MemoryUsage of job (MB)
	2413552  -  ResidentSetSize of job (KB)
...
006 (2579.000.000) 03/31 04:14:17 Image size of job updated: 6895684
	2428  -  MemoryUsage of job (MB)
	2485488  -  ResidentSetSize of job (KB)
...
006 (2579.000.000) 03/31 04:19:17 Image size of job updated: 6895684
	2588  -  MemoryUsage of job (MB)
	2649828  -  ResidentSetSize of job (KB)
...
006 (2579.000.000) 03/31 04:39:20 Image size of job updated: 6897748
	2873  -  MemoryUsage of job (MB)
	2941036  -  ResidentSetSize of job (KB)
...
006 (2579.000.000) 03/31 04:44:21 Image size of job updated: 6897748
	3077  -  MemoryUsage of job (MB)
	3150112  -  ResidentSetSize of job (KB)
...
006 (2579.000.000) 03/31 04:49:21 Image size of job updated: 6897748
	3077  -  MemoryUsage of job (MB)
	3150356  -  ResidentSetSize of job (KB)
...
006 (2579.000.000) 03/31 05:19:25 Image size of job updated: 6897748
	3106  -  MemoryUsage of job (MB)
	3179548  -  ResidentSetSize of job (KB)
...
006 (2579.000.000) 03/31 05:34:26 Image size of job updated: 6897748
	3164  -  MemoryUsage of job (MB)
	3238952  -  ResidentSetSize of job (KB)
...
006 (2579.000.000) 03/31 05:39:27 Image size of job updated: 6897748
	3366  -  MemoryUsage of job (MB)
	3445820  -  ResidentSetSize of job (KB)
...
005 (2579.000.000) 03/31 05:47:02 Job terminated.
	(1) Normal termination (return value 0)
		Usr 0 01:49:01, Sys 0 00:00:05  -  Run Remote Usage
		Usr 0 00:00:00, Sys 0 00:00:00  -  Run Local Usage
		Usr 0 01:49:01, Sys 0 00:00:05  -  Total Remote Usage
		Usr 0 00:00:00, Sys 0 00:00:00  -  Total Local Usage
	0  -  Run Bytes Sent By Job
	0  -  Run Bytes Received By Job
	0  -  Total Bytes Sent By Job
	0  -  Total Bytes Received By Job
	Partitionable Resources :    Usage  Request Allocated
	   Cpus                 :                 1         1
	   Disk (KB)            :       10       10    954474
	   Gpus                 :                           0
	   Memory (MB)          :     3366        1      1998
...
