000 (2573.000.000) 03/31 03:58:29 Job submitted from host: <128.83.144.174:54071>
...
001 (2573.000.000) 03/31 03:59:06 Job executing on host: <128.83.130.151:34209>
...
006 (2573.000.000) 03/31 03:59:15 Image size of job updated: 6566880
	22  -  MemoryUsage of job (MB)
	22316  -  ResidentSetSize of job (KB)
...
010 (2573.000.000) 03/31 03:59:36 Job was suspended.
	Number of processes actually suspended: 1
...
006 (2573.000.000) 03/31 03:59:37 Image size of job updated: 6899928
	1731  -  MemoryUsage of job (MB)
	1771880  -  ResidentSetSize of job (KB)
...
011 (2573.000.000) 03/31 03:59:51 Job was unsuspended.
...
006 (2573.000.000) 03/31 04:09:16 Image size of job updated: 6901992
	1862  -  MemoryUsage of job (MB)
	1905808  -  ResidentSetSize of job (KB)
...
006 (2573.000.000) 03/31 04:14:17 Image size of job updated: 6901992
	2163  -  MemoryUsage of job (MB)
	2214344  -  ResidentSetSize of job (KB)
...
006 (2573.000.000) 03/31 04:49:21 Image size of job updated: 6901992
	2163  -  MemoryUsage of job (MB)
	2214544  -  ResidentSetSize of job (KB)
...
006 (2573.000.000) 03/31 05:04:22 Image size of job updated: 6901992
	2326  -  MemoryUsage of job (MB)
	2380828  -  ResidentSetSize of job (KB)
...
005 (2573.000.000) 03/31 05:51:04 Job terminated.
	(1) Normal termination (return value 0)
		Usr 0 01:51:54, Sys 0 00:00:06  -  Run Remote Usage
		Usr 0 00:00:00, Sys 0 00:00:00  -  Run Local Usage
		Usr 0 01:51:54, Sys 0 00:00:06  -  Total Remote Usage
		Usr 0 00:00:00, Sys 0 00:00:00  -  Total Local Usage
	0  -  Run Bytes Sent By Job
	0  -  Run Bytes Received By Job
	0  -  Total Bytes Sent By Job
	0  -  Total Bytes Received By Job
	Partitionable Resources :    Usage  Request Allocated
	   Cpus                 :                 1         1
	   Disk (KB)            :       10       10    955409
	   Gpus                 :                           0
	   Memory (MB)          :     2326        1      2000
...
