000 (2556.000.000) 03/31 03:56:14 Job submitted from host: <128.83.144.174:54071>
...
001 (2556.000.000) 03/31 03:56:43 Job executing on host: <128.83.144.215:37955>
...
006 (2556.000.000) 03/31 03:56:52 Image size of job updated: 6899928
	1563  -  MemoryUsage of job (MB)
	1600420  -  ResidentSetSize of job (KB)
...
006 (2556.000.000) 03/31 04:01:53 Image size of job updated: 6899928
	2853  -  MemoryUsage of job (MB)
	2920576  -  ResidentSetSize of job (KB)
...
006 (2556.000.000) 03/31 04:06:54 Image size of job updated: 6899928
	2940  -  MemoryUsage of job (MB)
	3010556  -  ResidentSetSize of job (KB)
...
006 (2556.000.000) 03/31 04:11:54 Image size of job updated: 6899928
	3139  -  MemoryUsage of job (MB)
	3213944  -  ResidentSetSize of job (KB)
...
006 (2556.000.000) 03/31 04:21:55 Image size of job updated: 6899928
	3227  -  MemoryUsage of job (MB)
	3304104  -  ResidentSetSize of job (KB)
...
006 (2556.000.000) 03/31 04:26:56 Image size of job updated: 6899928
	3399  -  MemoryUsage of job (MB)
	3479592  -  ResidentSetSize of job (KB)
...
006 (2556.000.000) 03/31 04:31:56 Image size of job updated: 6899928
	3466  -  MemoryUsage of job (MB)
	3549100  -  ResidentSetSize of job (KB)
...
006 (2556.000.000) 03/31 04:36:56 Image size of job updated: 6899928
	3489  -  MemoryUsage of job (MB)
	3572044  -  ResidentSetSize of job (KB)
...
006 (2556.000.000) 03/31 04:41:57 Image size of job updated: 6899928
	3665  -  MemoryUsage of job (MB)
	3752444  -  ResidentSetSize of job (KB)
...
006 (2556.000.000) 03/31 04:46:57 Image size of job updated: 6901992
	3759  -  MemoryUsage of job (MB)
	3848552  -  ResidentSetSize of job (KB)
...
006 (2556.000.000) 03/31 04:51:57 Image size of job updated: 6901992
	4120  -  MemoryUsage of job (MB)
	4218588  -  ResidentSetSize of job (KB)
...
006 (2556.000.000) 03/31 05:57:04 Image size of job updated: 6901992
	4121  -  MemoryUsage of job (MB)
	4219792  -  ResidentSetSize of job (KB)
...
006 (2556.000.000) 03/31 06:12:06 Image size of job updated: 6901992
	4124  -  MemoryUsage of job (MB)
	4222572  -  ResidentSetSize of job (KB)
...
006 (2556.000.000) 03/31 06:22:06 Image size of job updated: 6901992
	4124  -  MemoryUsage of job (MB)
	4222668  -  ResidentSetSize of job (KB)
...
006 (2556.000.000) 03/31 06:32:08 Image size of job updated: 6901992
	4124  -  MemoryUsage of job (MB)
	4222696  -  ResidentSetSize of job (KB)
...
005 (2556.000.000) 03/31 07:17:07 Job terminated.
	(1) Normal termination (return value 0)
		Usr 0 03:22:22, Sys 0 00:00:11  -  Run Remote Usage
		Usr 0 00:00:00, Sys 0 00:00:00  -  Run Local Usage
		Usr 0 03:22:22, Sys 0 00:00:11  -  Total Remote Usage
		Usr 0 00:00:00, Sys 0 00:00:00  -  Total Local Usage
	0  -  Run Bytes Sent By Job
	0  -  Run Bytes Received By Job
	0  -  Total Bytes Sent By Job
	0  -  Total Bytes Received By Job
	Partitionable Resources :    Usage  Request Allocated
	   Cpus                 :                 1         1
	   Disk (KB)            :       10       10    955420
	   Gpus                 :                           0
	   Memory (MB)          :     4124        1      2000
...
