000 (2547.000.000) 03/31 03:56:14 Job submitted from host: <128.83.144.174:54071>
...
001 (2547.000.000) 03/31 03:56:43 Job executing on host: <128.83.144.240:41861>
...
006 (2547.000.000) 03/31 03:56:51 Image size of job updated: 10
	2  -  MemoryUsage of job (MB)
	2016  -  ResidentSetSize of job (KB)
...
006 (2547.000.000) 03/31 04:01:51 Image size of job updated: 37035500
	6922  -  MemoryUsage of job (MB)
	7087496  -  ResidentSetSize of job (KB)
...
006 (2547.000.000) 03/31 04:06:52 Image size of job updated: 37035500
	6988  -  MemoryUsage of job (MB)
	7154692  -  ResidentSetSize of job (KB)
...
006 (2547.000.000) 03/31 04:11:53 Image size of job updated: 37035500
	7000  -  MemoryUsage of job (MB)
	7167852  -  ResidentSetSize of job (KB)
...
006 (2547.000.000) 03/31 04:16:53 Image size of job updated: 37035500
	7033  -  MemoryUsage of job (MB)
	7201668  -  ResidentSetSize of job (KB)
...
006 (2547.000.000) 03/31 04:21:54 Image size of job updated: 37035500
	7442  -  MemoryUsage of job (MB)
	7620540  -  ResidentSetSize of job (KB)
...
006 (2547.000.000) 03/31 04:26:55 Image size of job updated: 37037564
	8116  -  MemoryUsage of job (MB)
	8310380  -  ResidentSetSize of job (KB)
...
006 (2547.000.000) 03/31 04:41:56 Image size of job updated: 37037564
	8150  -  MemoryUsage of job (MB)
	8345236  -  ResidentSetSize of job (KB)
...
005 (2547.000.000) 03/31 04:53:52 Job terminated.
	(1) Normal termination (return value 0)
		Usr 0 00:58:09, Sys 0 00:00:19  -  Run Remote Usage
		Usr 0 00:00:00, Sys 0 00:00:00  -  Run Local Usage
		Usr 0 00:58:09, Sys 0 00:00:19  -  Total Remote Usage
		Usr 0 00:00:00, Sys 0 00:00:00  -  Total Local Usage
	0  -  Run Bytes Sent By Job
	0  -  Run Bytes Received By Job
	0  -  Total Bytes Sent By Job
	0  -  Total Bytes Received By Job
	Partitionable Resources :    Usage  Request Allocated
	   Cpus                 :                 1         1
	   Disk (KB)            :       10       10   7541858
	   Gpus                 :                           0
	   Memory (MB)          :     8150        1      4027
...
