000 (2549.000.000) 03/31 03:56:14 Job submitted from host: <128.83.144.174:54071>
...
001 (2549.000.000) 03/31 03:56:43 Job executing on host: <128.83.144.35:33929>
...
006 (2549.000.000) 03/31 03:56:51 Image size of job updated: 6583964
	61  -  MemoryUsage of job (MB)
	62260  -  ResidentSetSize of job (KB)
...
006 (2549.000.000) 03/31 04:01:51 Image size of job updated: 6583964
	1650  -  MemoryUsage of job (MB)
	1688724  -  ResidentSetSize of job (KB)
...
006 (2549.000.000) 03/31 04:06:52 Image size of job updated: 6583964
	1676  -  MemoryUsage of job (MB)
	1715504  -  ResidentSetSize of job (KB)
...
006 (2549.000.000) 03/31 04:21:54 Image size of job updated: 6583964
	1714  -  MemoryUsage of job (MB)
	1754208  -  ResidentSetSize of job (KB)
...
006 (2549.000.000) 03/31 04:26:55 Image size of job updated: 6583964
	1743  -  MemoryUsage of job (MB)
	1784380  -  ResidentSetSize of job (KB)
...
006 (2549.000.000) 03/31 04:31:55 Image size of job updated: 6583964
	1889  -  MemoryUsage of job (MB)
	1933336  -  ResidentSetSize of job (KB)
...
006 (2549.000.000) 03/31 04:36:55 Image size of job updated: 6583964
	1935  -  MemoryUsage of job (MB)
	1980940  -  ResidentSetSize of job (KB)
...
006 (2549.000.000) 03/31 04:41:56 Image size of job updated: 6583964
	1953  -  MemoryUsage of job (MB)
	1999104  -  ResidentSetSize of job (KB)
...
006 (2549.000.000) 03/31 04:46:56 Image size of job updated: 6583964
	1959  -  MemoryUsage of job (MB)
	2005768  -  ResidentSetSize of job (KB)
...
006 (2549.000.000) 03/31 05:06:57 Image size of job updated: 6583964
	2015  -  MemoryUsage of job (MB)
	2063120  -  ResidentSetSize of job (KB)
...
006 (2549.000.000) 03/31 05:11:58 Image size of job updated: 6583964
	2017  -  MemoryUsage of job (MB)
	2064628  -  ResidentSetSize of job (KB)
...
006 (2549.000.000) 03/31 05:16:59 Image size of job updated: 6583964
	2021  -  MemoryUsage of job (MB)
	2068708  -  ResidentSetSize of job (KB)
...
006 (2549.000.000) 03/31 05:21:59 Image size of job updated: 6583964
	2031  -  MemoryUsage of job (MB)
	2078996  -  ResidentSetSize of job (KB)
...
006 (2549.000.000) 03/31 05:27:00 Image size of job updated: 6583964
	2183  -  MemoryUsage of job (MB)
	2234384  -  ResidentSetSize of job (KB)
...
006 (2549.000.000) 03/31 05:32:01 Image size of job updated: 6583964
	2197  -  MemoryUsage of job (MB)
	2249196  -  ResidentSetSize of job (KB)
...
006 (2549.000.000) 03/31 05:37:01 Image size of job updated: 6583964
	2303  -  MemoryUsage of job (MB)
	2357548  -  ResidentSetSize of job (KB)
...
006 (2549.000.000) 03/31 05:47:02 Image size of job updated: 6586028
	2330  -  MemoryUsage of job (MB)
	2385672  -  ResidentSetSize of job (KB)
...
006 (2549.000.000) 03/31 05:52:03 Image size of job updated: 6586028
	2423  -  MemoryUsage of job (MB)
	2480728  -  ResidentSetSize of job (KB)
...
006 (2549.000.000) 03/31 05:57:03 Image size of job updated: 6586028
	2594  -  MemoryUsage of job (MB)
	2655316  -  ResidentSetSize of job (KB)
...
006 (2549.000.000) 03/31 07:52:17 Image size of job updated: 6586028
	2813  -  MemoryUsage of job (MB)
	2879696  -  ResidentSetSize of job (KB)
...
006 (2549.000.000) 03/31 07:57:18 Image size of job updated: 6586028
	2813  -  MemoryUsage of job (MB)
	2879744  -  ResidentSetSize of job (KB)
...
006 (2549.000.000) 03/31 08:02:18 Image size of job updated: 6586028
	2813  -  MemoryUsage of job (MB)
	2879784  -  ResidentSetSize of job (KB)
...
022 (2549.000.000) 03/31 08:08:36 Job disconnected, attempting to reconnect
    Local schedd and job shadow died, schedd now running again
    Trying to reconnect to slot3@nauro-13.cs.utexas.edu <128.83.144.35:33929>
...
023 (2549.000.000) 03/31 08:08:36 Job reconnected to slot3@nauro-13.cs.utexas.edu
    startd address: <128.83.144.35:33929>
    starter address: <128.83.144.35:53137>
...
005 (2549.000.000) 03/31 08:22:58 Job terminated.
	(1) Normal termination (return value 0)
		Usr 0 04:27:11, Sys 0 00:00:28  -  Run Remote Usage
		Usr 0 00:00:00, Sys 0 00:00:00  -  Run Local Usage
		Usr 0 04:27:11, Sys 0 00:00:28  -  Total Remote Usage
		Usr 0 00:00:00, Sys 0 00:00:00  -  Total Local Usage
	0  -  Run Bytes Sent By Job
	0  -  Run Bytes Received By Job
	0  -  Total Bytes Sent By Job
	0  -  Total Bytes Received By Job
	Partitionable Resources :    Usage  Request          
	   Cpus                 :                 1          
	   Disk (KB)            :       10       10          
	   Memory (MB)          :     2930     2930          
...
