000 (2550.000.000) 03/31 03:56:14 Job submitted from host: <128.83.144.174:54071>
...
001 (2550.000.000) 03/31 03:56:43 Job executing on host: <128.83.139.227:47672>
...
006 (2550.000.000) 03/31 03:56:51 Image size of job updated: 10
	2  -  MemoryUsage of job (MB)
	2020  -  ResidentSetSize of job (KB)
...
006 (2550.000.000) 03/31 04:01:51 Image size of job updated: 11190156
	3179  -  MemoryUsage of job (MB)
	3255256  -  ResidentSetSize of job (KB)
...
006 (2550.000.000) 03/31 04:06:52 Image size of job updated: 11190156
	3353  -  MemoryUsage of job (MB)
	3433128  -  ResidentSetSize of job (KB)
...
006 (2550.000.000) 03/31 04:16:53 Image size of job updated: 11190156
	3353  -  MemoryUsage of job (MB)
	3433212  -  ResidentSetSize of job (KB)
...
006 (2550.000.000) 03/31 04:21:53 Image size of job updated: 11190156
	3424  -  MemoryUsage of job (MB)
	3505964  -  ResidentSetSize of job (KB)
...
006 (2550.000.000) 03/31 04:26:54 Image size of job updated: 11190156
	3451  -  MemoryUsage of job (MB)
	3533300  -  ResidentSetSize of job (KB)
...
006 (2550.000.000) 03/31 04:31:54 Image size of job updated: 11190156
	3462  -  MemoryUsage of job (MB)
	3544172  -  ResidentSetSize of job (KB)
...
006 (2550.000.000) 03/31 04:36:54 Image size of job updated: 11190156
	3549  -  MemoryUsage of job (MB)
	3633840  -  ResidentSetSize of job (KB)
...
006 (2550.000.000) 03/31 04:46:56 Image size of job updated: 11190156
	3559  -  MemoryUsage of job (MB)
	3643764  -  ResidentSetSize of job (KB)
...
006 (2550.000.000) 03/31 04:51:56 Image size of job updated: 11190156
	3830  -  MemoryUsage of job (MB)
	3921856  -  ResidentSetSize of job (KB)
...
006 (2550.000.000) 03/31 04:56:56 Image size of job updated: 11192220
	3894  -  MemoryUsage of job (MB)
	3987240  -  ResidentSetSize of job (KB)
...
006 (2550.000.000) 03/31 05:01:57 Image size of job updated: 11192220
	4390  -  MemoryUsage of job (MB)
	4494404  -  ResidentSetSize of job (KB)
...
006 (2550.000.000) 03/31 05:47:01 Image size of job updated: 11192220
	4390  -  MemoryUsage of job (MB)
	4494492  -  ResidentSetSize of job (KB)
...
006 (2550.000.000) 03/31 06:07:03 Image size of job updated: 11192220
	4390  -  MemoryUsage of job (MB)
	4495140  -  ResidentSetSize of job (KB)
...
005 (2550.000.000) 03/31 06:25:56 Job terminated.
	(1) Normal termination (return value 0)
		Usr 0 02:30:41, Sys 0 00:00:20  -  Run Remote Usage
		Usr 0 00:00:00, Sys 0 00:00:00  -  Run Local Usage
		Usr 0 02:30:41, Sys 0 00:00:20  -  Total Remote Usage
		Usr 0 00:00:00, Sys 0 00:00:00  -  Total Local Usage
	0  -  Run Bytes Sent By Job
	0  -  Run Bytes Received By Job
	0  -  Total Bytes Sent By Job
	0  -  Total Bytes Received By Job
	Partitionable Resources :    Usage  Request Allocated
	   Cpus                 :                 1         1
	   Disk (KB)            :       10       10    802814
	   Gpus                 :                           0
	   Memory (MB)          :     4390        1      4021
...
